;  LST file generated by mikroListExporter - v.2.0 
; Date/Time: 12/28/2024 3:25:29 PM
;----------------------------------------------

;Address Opcode 	ASM
0x0000	0x282A      	GOTO       42
_PWM1_Init:
;a7a.c,4 :: 		void PWM1_Init() {
;a7a.c,6 :: 		PR2 = 0xFF;            // Set Timer2 period (max for 8-bit resolution)
0x0003	0x30FF      	MOVLW      255
0x0004	0x1683      	BSF        STATUS, 5
0x0005	0x1303      	BCF        STATUS, 6
0x0006	0x0092      	MOVWF      PR2
;a7a.c,7 :: 		CCP1CON = 0x0C;        // Configure CCP1 module in PWM mode
0x0007	0x300C      	MOVLW      12
0x0008	0x1283      	BCF        STATUS, 5
0x0009	0x0097      	MOVWF      CCP1CON
;a7a.c,8 :: 		T2CON = 0x04;          // Enable Timer2 with prescaler = 1
0x000A	0x3004      	MOVLW      4
0x000B	0x0092      	MOVWF      T2CON
;a7a.c,9 :: 		TRISC.F2 = 0;          // Set RC2 as output for PWM
0x000C	0x1683      	BSF        STATUS, 5
0x000D	0x1107      	BCF        TRISC, 2
;a7a.c,10 :: 		}
L_end_PWM1_Init:
0x000E	0x0008      	RETURN
; end of _PWM1_Init
_PWM1_Set_Duty:
;a7a.c,12 :: 		void PWM1_Set_Duty(unsigned char duty) {
;a7a.c,14 :: 		CCPR1L = duty >> 2;       // 8 MSB of duty
0x000F	0x1283      	BCF        STATUS, 5
0x0010	0x1303      	BCF        STATUS, 6
0x0011	0x0822      	MOVF       FARG_PWM1_Set_Duty_duty, 0
0x0012	0x00F0      	MOVWF      R0
0x0013	0x0CF0      	RRF        R0, 1
0x0014	0x13F0      	BCF        R0, 7
0x0015	0x0CF0      	RRF        R0, 1
0x0016	0x13F0      	BCF        R0, 7
0x0017	0x0870      	MOVF       R0, 0
0x0018	0x0095      	MOVWF      CCPR1L
;a7a.c,15 :: 		CCP1CON.F5 = duty & 0x02; // 2 LSB of duty (bit 1)
0x0019	0x3002      	MOVLW      2
0x001A	0x0522      	ANDWF      FARG_PWM1_Set_Duty_duty, 0
0x001B	0x00F0      	MOVWF      R0
0x001C	0x1870      	BTFSC      R0, 0
0x001D	0x2820      	GOTO       L__PWM1_Set_Duty7
0x001E	0x1297      	BCF        CCP1CON, 5
0x001F	0x2821      	GOTO       L__PWM1_Set_Duty8
L__PWM1_Set_Duty7:
0x0020	0x1697      	BSF        CCP1CON, 5
L__PWM1_Set_Duty8:
;a7a.c,16 :: 		CCP1CON.F4 = duty & 0x01; // 2 LSB of duty (bit 0)
0x0021	0x3001      	MOVLW      1
0x0022	0x0522      	ANDWF      FARG_PWM1_Set_Duty_duty, 0
0x0023	0x00F0      	MOVWF      R0
0x0024	0x1870      	BTFSC      R0, 0
0x0025	0x2828      	GOTO       L__PWM1_Set_Duty9
0x0026	0x1217      	BCF        CCP1CON, 4
0x0027	0x2829      	GOTO       L__PWM1_Set_Duty10
L__PWM1_Set_Duty9:
0x0028	0x1617      	BSF        CCP1CON, 4
L__PWM1_Set_Duty10:
;a7a.c,17 :: 		}
L_end_PWM1_Set_Duty:
0x0029	0x0008      	RETURN
; end of _PWM1_Set_Duty
_main:
;a7a.c,19 :: 		void main() {
;a7a.c,21 :: 		TRISC = 0x00;       // Set PORTC as output
0x002A	0x1683      	BSF        STATUS, 5
0x002B	0x1303      	BCF        STATUS, 6
0x002C	0x0187      	CLRF       TRISC
;a7a.c,22 :: 		TRISB = 0x00;       // Optional: Debug LEDs
0x002D	0x0186      	CLRF       TRISB
;a7a.c,23 :: 		PWM1_Init();        // Initialize PWM
0x002E	0x2003      	CALL       _PWM1_Init
;a7a.c,24 :: 		PWM1_Set_Duty(0);   // Start with 0 duty cycle (motor off)
0x002F	0x1283      	BCF        STATUS, 5
0x0030	0x01A2      	CLRF       FARG_PWM1_Set_Duty_duty
0x0031	0x200F      	CALL       _PWM1_Set_Duty
;a7a.c,26 :: 		while (1) {
L_main0:
;a7a.c,28 :: 		PORTC.F0 = 1;   // RC0 HIGH
0x0032	0x1407      	BSF        PORTC, 0
;a7a.c,29 :: 		PORTC.F1 = 0;   // RC1 LOW
0x0033	0x1087      	BCF        PORTC, 1
;a7a.c,30 :: 		PWM1_Set_Duty(128); // 50% duty cycle (speed)
0x0034	0x3080      	MOVLW      128
0x0035	0x00A2      	MOVWF      FARG_PWM1_Set_Duty_duty
0x0036	0x200F      	CALL       _PWM1_Set_Duty
;a7a.c,32 :: 		Delay_ms(2000); // Run forward for 2 seconds
0x0037	0x3015      	MOVLW      21
0x0038	0x00FB      	MOVWF      R11
0x0039	0x304B      	MOVLW      75
0x003A	0x00FC      	MOVWF      R12
0x003B	0x30BE      	MOVLW      190
0x003C	0x00FD      	MOVWF      R13
L_main2:
0x003D	0x0BFD      	DECFSZ     R13, 1
0x003E	0x283D      	GOTO       L_main2
0x003F	0x0BFC      	DECFSZ     R12, 1
0x0040	0x283D      	GOTO       L_main2
0x0041	0x0BFB      	DECFSZ     R11, 1
0x0042	0x283D      	GOTO       L_main2
0x0043	0x0000      	NOP
;a7a.c,35 :: 		PORTC.F0 = 0;   // RC0 LOW
0x0044	0x1007      	BCF        PORTC, 0
;a7a.c,36 :: 		PORTC.F1 = 1;   // RC1 HIGH
0x0045	0x1487      	BSF        PORTC, 1
;a7a.c,37 :: 		PWM1_Set_Duty(192); // 75% duty cycle (speed)
0x0046	0x30C0      	MOVLW      192
0x0047	0x00A2      	MOVWF      FARG_PWM1_Set_Duty_duty
0x0048	0x200F      	CALL       _PWM1_Set_Duty
;a7a.c,39 :: 		Delay_ms(2000); // Run reverse for 2 seconds
0x0049	0x3015      	MOVLW      21
0x004A	0x00FB      	MOVWF      R11
0x004B	0x304B      	MOVLW      75
0x004C	0x00FC      	MOVWF      R12
0x004D	0x30BE      	MOVLW      190
0x004E	0x00FD      	MOVWF      R13
L_main3:
0x004F	0x0BFD      	DECFSZ     R13, 1
0x0050	0x284F      	GOTO       L_main3
0x0051	0x0BFC      	DECFSZ     R12, 1
0x0052	0x284F      	GOTO       L_main3
0x0053	0x0BFB      	DECFSZ     R11, 1
0x0054	0x284F      	GOTO       L_main3
0x0055	0x0000      	NOP
;a7a.c,42 :: 		PORTC.F0 = 0;   // Both RC0 and RC1 LOW
0x0056	0x1007      	BCF        PORTC, 0
;a7a.c,43 :: 		PORTC.F1 = 0;
0x0057	0x1087      	BCF        PORTC, 1
;a7a.c,44 :: 		PWM1_Set_Duty(0); // Motor off
0x0058	0x01A2      	CLRF       FARG_PWM1_Set_Duty_duty
0x0059	0x200F      	CALL       _PWM1_Set_Duty
;a7a.c,46 :: 		Delay_ms(2000); // Wait for 2 seconds
0x005A	0x3015      	MOVLW      21
0x005B	0x00FB      	MOVWF      R11
0x005C	0x304B      	MOVLW      75
0x005D	0x00FC      	MOVWF      R12
0x005E	0x30BE      	MOVLW      190
0x005F	0x00FD      	MOVWF      R13
L_main4:
0x0060	0x0BFD      	DECFSZ     R13, 1
0x0061	0x2860      	GOTO       L_main4
0x0062	0x0BFC      	DECFSZ     R12, 1
0x0063	0x2860      	GOTO       L_main4
0x0064	0x0BFB      	DECFSZ     R11, 1
0x0065	0x2860      	GOTO       L_main4
0x0066	0x0000      	NOP
;a7a.c,47 :: 		}
0x0067	0x2832      	GOTO       L_main0
;a7a.c,48 :: 		}
L_end_main:
0x0068	0x2868      	GOTO       $+0
; end of _main
Symbol List:
//** Routines locations **
//ADDRESS    SIZE    PROCEDURE
//----------------------------------------------
0x0003      [12]    _PWM1_Init
0x000F      [27]    _PWM1_Set_Duty
0x002A      [63]    _main
//** Variables locations ** 
//ADDRESS    SIZE    VARIABLE
//----------------------------------------------
0x0000       [1]    INDF
0x0003       [1]    STATUS
0x0004       [1]    FSR
0x0007       [1]    PORTC
0x000A       [1]    PCLATH
0x0012       [1]    T2CON
0x0015       [1]    CCPR1L
0x0017       [1]    CCP1CON
0x0020       [2]    ___DoICPAddr
0x0022       [1]    FARG_PWM1_Set_Duty_duty
0x0070       [1]    R0
0x0071       [1]    R1
0x0072       [1]    R2
0x0073       [1]    R3
0x0074       [1]    R4
0x0075       [1]    R5
0x0076       [1]    R6
0x0077       [1]    R7
0x0078       [1]    R8
0x0079       [1]    R9
0x007A       [1]    R10
0x007B       [1]    R11
0x007C       [1]    R12
0x007D       [1]    R13
0x007E       [1]    R14
0x007F       [1]    R15
0x0086       [1]    TRISB
0x0087       [1]    TRISC
0x0092       [1]    PR2
