;  LST file generated by mikroListExporter - v.2.0 
; Date/Time: 12/31/2024 8:11:44 PM
;----------------------------------------------

;Address Opcode 	ASM
0x0000	0x2CE2      	GOTO       1250
_interrupt:
0x0004	0x00FF      	MOVWF      R15
0x0005	0x0E03      	SWAPF      STATUS, 0
0x0006	0x0183      	CLRF       STATUS
0x0007	0x00C8      	MOVWF      ___saveSTATUS
0x0008	0x080A      	MOVF       PCLATH, 0
0x0009	0x00C9      	MOVWF      ___savePCLATH
0x000A	0x018A      	CLRF       PCLATH
0x000B	0x0870      	MOVF       R0, 0
0x000C	0x00A5      	MOVWF      37
0x000D	0x0871      	MOVF       R1, 0
0x000E	0x00A4      	MOVWF      36
0x000F	0x0872      	MOVF       R2, 0
0x0010	0x00A3      	MOVWF      35
0x0011	0x0873      	MOVF       R3, 0
0x0012	0x00A2      	MOVWF      34
0x0013	0x0874      	MOVF       R4, 0
0x0014	0x00A1      	MOVWF      33
;final_project.c,26 :: 		void interrupt(void){
;final_project.c,28 :: 		if(PIR1 & 0x04){                                           // CCP1 interrupt
0x0015	0x1D0C      	BTFSS      PIR1, 2
0x0016	0x283E      	GOTO       L_interrupt0
;final_project.c,29 :: 		if(HL){                                // high
0x0017	0x0847      	MOVF       _HL, 0
0x0018	0x1903      	BTFSC      STATUS, 2
0x0019	0x2827      	GOTO       L_interrupt1
;final_project.c,30 :: 		CCPR1H = angle >> 8;
0x001A	0x0843      	MOVF       _angle+1, 0
0x001B	0x00F0      	MOVWF      R0
0x001C	0x01F1      	CLRF       R0+1
0x001D	0x0870      	MOVF       R0, 0
0x001E	0x0096      	MOVWF      CCPR1H
;final_project.c,31 :: 		CCPR1L = angle;
0x001F	0x0842      	MOVF       _angle, 0
0x0020	0x0095      	MOVWF      CCPR1L
;final_project.c,32 :: 		HL = 0;                      // next time low
0x0021	0x01C7      	CLRF       _HL
;final_project.c,33 :: 		CCP1CON = 0x09;              // compare mode, clear output on match
0x0022	0x3009      	MOVLW      9
0x0023	0x0097      	MOVWF      CCP1CON
;final_project.c,34 :: 		TMR1H = 0;
0x0024	0x018F      	CLRF       TMR1H
;final_project.c,35 :: 		TMR1L = 0;
0x0025	0x018E      	CLRF       TMR1L
;final_project.c,36 :: 		}
0x0026	0x283C      	GOTO       L_interrupt2
L_interrupt1:
;final_project.c,38 :: 		CCPR1H = (40000 - angle) >> 8;       // 40000 counts correspond to 20ms
0x0027	0x0842      	MOVF       _angle, 0
0x0028	0x3C40      	SUBLW      64
0x0029	0x00F3      	MOVWF      R3
0x002A	0x0843      	MOVF       _angle+1, 0
0x002B	0x1C03      	BTFSS      STATUS, 0
0x002C	0x3E01      	ADDLW      1
0x002D	0x3C9C      	SUBLW      156
0x002E	0x00F4      	MOVWF      R3+1
0x002F	0x0874      	MOVF       R3+1, 0
0x0030	0x00F0      	MOVWF      R0
0x0031	0x01F1      	CLRF       R0+1
0x0032	0x0870      	MOVF       R0, 0
0x0033	0x0096      	MOVWF      CCPR1H
;final_project.c,39 :: 		CCPR1L = (40000 - angle);
0x0034	0x0873      	MOVF       R3, 0
0x0035	0x0095      	MOVWF      CCPR1L
;final_project.c,40 :: 		CCP1CON = 0x08;             // compare mode, set output on match
0x0036	0x3008      	MOVLW      8
0x0037	0x0097      	MOVWF      CCP1CON
;final_project.c,41 :: 		HL = 1;                     //next time High
0x0038	0x3001      	MOVLW      1
0x0039	0x00C7      	MOVWF      _HL
;final_project.c,42 :: 		TMR1H = 0;
0x003A	0x018F      	CLRF       TMR1H
;final_project.c,43 :: 		TMR1L = 0;
0x003B	0x018E      	CLRF       TMR1L
;final_project.c,44 :: 		}
L_interrupt2:
;final_project.c,46 :: 		PIR1 = PIR1&0xFB;
0x003C	0x30FB      	MOVLW      251
0x003D	0x058C      	ANDWF      PIR1, 1
;final_project.c,47 :: 		}
L_interrupt0:
;final_project.c,50 :: 		}
L_end_interrupt:
L__interrupt10:
0x003E	0x0825      	MOVF       37, 0
0x003F	0x00F0      	MOVWF      R0
0x0040	0x0824      	MOVF       36, 0
0x0041	0x00F1      	MOVWF      R1
0x0042	0x0823      	MOVF       35, 0
0x0043	0x00F2      	MOVWF      R2
0x0044	0x0822      	MOVF       34, 0
0x0045	0x00F3      	MOVWF      R3
0x0046	0x0821      	MOVF       33, 0
0x0047	0x00F4      	MOVWF      R4
0x0048	0x0849      	MOVF       ___savePCLATH, 0
0x0049	0x008A      	MOVWF      PCLATH
0x004A	0x0E48      	SWAPF      ___saveSTATUS, 0
0x004B	0x0083      	MOVWF      STATUS
0x004C	0x0EFF      	SWAPF      R15, 1
0x004D	0x0E7F      	SWAPF      R15, 0
0x004E	0x0009      	RETFIE
; end of _interrupt
_Delay_50us:
;__Lib_Delays.c,19 :: 		void Delay_50us() {
;__Lib_Delays.c,20 :: 		Delay_us(50);
0x004F	0x3021      	MOVLW      33
0x0050	0x1283      	BCF        STATUS, 5
0x0051	0x1303      	BCF        STATUS, 6
0x0052	0x00FD      	MOVWF      R13
L_Delay_50us2:
0x0053	0x0BFD      	DECFSZ     R13, 1
0x0054	0x2853      	GOTO       L_Delay_50us2
;__Lib_Delays.c,21 :: 		}
L_end_Delay_50us:
0x0055	0x0008      	RETURN
; end of _Delay_50us
_Delay_5500us:
;__Lib_Delays.c,31 :: 		void Delay_5500us() {
;__Lib_Delays.c,32 :: 		Delay_us(5500);
0x0056	0x300F      	MOVLW      15
0x0057	0x1283      	BCF        STATUS, 5
0x0058	0x1303      	BCF        STATUS, 6
0x0059	0x00FC      	MOVWF      R12
0x005A	0x3047      	MOVLW      71
0x005B	0x00FD      	MOVWF      R13
L_Delay_5500us5:
0x005C	0x0BFD      	DECFSZ     R13, 1
0x005D	0x285C      	GOTO       L_Delay_5500us5
0x005E	0x0BFC      	DECFSZ     R12, 1
0x005F	0x285C      	GOTO       L_Delay_5500us5
0x0060	0x0000      	NOP
0x0061	0x0000      	NOP
;__Lib_Delays.c,33 :: 		}
L_end_Delay_5500us:
0x0062	0x0008      	RETURN
; end of _Delay_5500us
_Delay_1us:
;__Lib_Delays.c,7 :: 		void Delay_1us() {
;__Lib_Delays.c,8 :: 		Delay_us(1);
0x0063	0x0000      	NOP
0x0064	0x0000      	NOP
;__Lib_Delays.c,9 :: 		}
L_end_Delay_1us:
0x0065	0x0008      	RETURN
; end of _Delay_1us
_FIXSIGN32:
;__Lib_MathDouble.c,112 :: 		
;__Lib_MathDouble.c,116 :: 		
0x0066	0x1FFA      	BTFSS      R10, 7
;__Lib_MathDouble.c,117 :: 		
0x0067	0x13F2      	BCF        R2, 7
;__Lib_MathDouble.c,118 :: 		
0x0068	0x3000      	MOVLW      0
;__Lib_MathDouble.c,120 :: 		
L_end_FIXSIGN32:
0x0069	0x0008      	RETURN
; end of _FIXSIGN32
_Lcd_Cmd:
;__Lib_Lcd.c,18 :: 		
;__Lib_Lcd.c,20 :: 		
0x006A	0x1283      	BCF        STATUS, 5
0x006B	0x1303      	BCF        STATUS, 6
0x006C	0x1BDA      	BTFSC      FARG_Lcd_Cmd_out_char, 7
0x006D	0x2870      	GOTO       L__Lcd_Cmd21
0x006E	0x1186      	BCF        LCD_D7, BitPos(LCD_D7+0)
0x006F	0x2871      	GOTO       L__Lcd_Cmd22
L__Lcd_Cmd21:
0x0070	0x1586      	BSF        LCD_D7, BitPos(LCD_D7+0)
L__Lcd_Cmd22:
;__Lib_Lcd.c,21 :: 		
0x0071	0x1B5A      	BTFSC      FARG_Lcd_Cmd_out_char, 6
0x0072	0x2875      	GOTO       L__Lcd_Cmd23
0x0073	0x1106      	BCF        LCD_D6, BitPos(LCD_D6+0)
0x0074	0x2876      	GOTO       L__Lcd_Cmd24
L__Lcd_Cmd23:
0x0075	0x1506      	BSF        LCD_D6, BitPos(LCD_D6+0)
L__Lcd_Cmd24:
;__Lib_Lcd.c,22 :: 		
0x0076	0x1ADA      	BTFSC      FARG_Lcd_Cmd_out_char, 5
0x0077	0x287A      	GOTO       L__Lcd_Cmd25
0x0078	0x1086      	BCF        LCD_D5, BitPos(LCD_D5+0)
0x0079	0x287B      	GOTO       L__Lcd_Cmd26
L__Lcd_Cmd25:
0x007A	0x1486      	BSF        LCD_D5, BitPos(LCD_D5+0)
L__Lcd_Cmd26:
;__Lib_Lcd.c,23 :: 		
0x007B	0x1A5A      	BTFSC      FARG_Lcd_Cmd_out_char, 4
0x007C	0x287F      	GOTO       L__Lcd_Cmd27
0x007D	0x1006      	BCF        LCD_D4, BitPos(LCD_D4+0)
0x007E	0x2880      	GOTO       L__Lcd_Cmd28
L__Lcd_Cmd27:
0x007F	0x1406      	BSF        LCD_D4, BitPos(LCD_D4+0)
L__Lcd_Cmd28:
;__Lib_Lcd.c,25 :: 		
0x0080	0x1846      	BTFSC      __Lib_Lcd_cmd_status, BitPos(__Lib_Lcd_cmd_status+0)
0x0081	0x2884      	GOTO       L__Lcd_Cmd29
0x0082	0x1606      	BSF        LCD_RS, BitPos(LCD_RS+0)
0x0083	0x2885      	GOTO       L__Lcd_Cmd30
L__Lcd_Cmd29:
0x0084	0x1206      	BCF        LCD_RS, BitPos(LCD_RS+0)
L__Lcd_Cmd30:
;__Lib_Lcd.c,28 :: 		
0x0085	0x1686      	BSF        LCD_EN, BitPos(LCD_EN+0)
;__Lib_Lcd.c,29 :: 		
0x0086	0x2063      	CALL       _Delay_1us
;__Lib_Lcd.c,30 :: 		
0x0087	0x1286      	BCF        LCD_EN, BitPos(LCD_EN+0)
;__Lib_Lcd.c,33 :: 		
0x0088	0x19DA      	BTFSC      FARG_Lcd_Cmd_out_char, 3
0x0089	0x288C      	GOTO       L__Lcd_Cmd31
0x008A	0x1186      	BCF        LCD_D7, BitPos(LCD_D7+0)
0x008B	0x288D      	GOTO       L__Lcd_Cmd32
L__Lcd_Cmd31:
0x008C	0x1586      	BSF        LCD_D7, BitPos(LCD_D7+0)
L__Lcd_Cmd32:
;__Lib_Lcd.c,34 :: 		
0x008D	0x195A      	BTFSC      FARG_Lcd_Cmd_out_char, 2
0x008E	0x2891      	GOTO       L__Lcd_Cmd33
0x008F	0x1106      	BCF        LCD_D6, BitPos(LCD_D6+0)
0x0090	0x2892      	GOTO       L__Lcd_Cmd34
L__Lcd_Cmd33:
0x0091	0x1506      	BSF        LCD_D6, BitPos(LCD_D6+0)
L__Lcd_Cmd34:
;__Lib_Lcd.c,35 :: 		
0x0092	0x18DA      	BTFSC      FARG_Lcd_Cmd_out_char, 1
0x0093	0x2896      	GOTO       L__Lcd_Cmd35
0x0094	0x1086      	BCF        LCD_D5, BitPos(LCD_D5+0)
0x0095	0x2897      	GOTO       L__Lcd_Cmd36
L__Lcd_Cmd35:
0x0096	0x1486      	BSF        LCD_D5, BitPos(LCD_D5+0)
L__Lcd_Cmd36:
;__Lib_Lcd.c,36 :: 		
0x0097	0x185A      	BTFSC      FARG_Lcd_Cmd_out_char, 0
0x0098	0x289B      	GOTO       L__Lcd_Cmd37
0x0099	0x1006      	BCF        LCD_D4, BitPos(LCD_D4+0)
0x009A	0x289C      	GOTO       L__Lcd_Cmd38
L__Lcd_Cmd37:
0x009B	0x1406      	BSF        LCD_D4, BitPos(LCD_D4+0)
L__Lcd_Cmd38:
;__Lib_Lcd.c,38 :: 		
0x009C	0x1846      	BTFSC      __Lib_Lcd_cmd_status, BitPos(__Lib_Lcd_cmd_status+0)
0x009D	0x28A0      	GOTO       L__Lcd_Cmd39
0x009E	0x1606      	BSF        LCD_RS, BitPos(LCD_RS+0)
0x009F	0x28A1      	GOTO       L__Lcd_Cmd40
L__Lcd_Cmd39:
0x00A0	0x1206      	BCF        LCD_RS, BitPos(LCD_RS+0)
L__Lcd_Cmd40:
;__Lib_Lcd.c,40 :: 		
0x00A1	0x1686      	BSF        LCD_EN, BitPos(LCD_EN+0)
;__Lib_Lcd.c,41 :: 		
0x00A2	0x2063      	CALL       _Delay_1us
;__Lib_Lcd.c,42 :: 		
0x00A3	0x1286      	BCF        LCD_EN, BitPos(LCD_EN+0)
;__Lib_Lcd.c,44 :: 		
0x00A4	0x1C46      	BTFSS      __Lib_Lcd_cmd_status, BitPos(__Lib_Lcd_cmd_status+0)
0x00A5	0x28A8      	GOTO       L_Lcd_Cmd0
;__Lib_Lcd.c,45 :: 		
0x00A6	0x2056      	CALL       _Delay_5500us
0x00A7	0x28A9      	GOTO       L_Lcd_Cmd1
L_Lcd_Cmd0:
;__Lib_Lcd.c,47 :: 		
0x00A8	0x204F      	CALL       _Delay_50us
L_Lcd_Cmd1:
;__Lib_Lcd.c,48 :: 		
L_end_Lcd_Cmd:
0x00A9	0x0008      	RETURN
; end of _Lcd_Cmd
_Div_16X16_U:
;__Lib_Math.c,215 :: 		
;__Lib_Math.c,222 :: 		
0x00AA	0x1283      	BCF        STATUS, 5
;__Lib_Math.c,223 :: 		
0x00AB	0x1303      	BCF        STATUS, 6
;__Lib_Math.c,224 :: 		
0x00AC	0x01F8      	CLRF       R8
;__Lib_Math.c,225 :: 		
0x00AD	0x01F9      	CLRF       R9
;__Lib_Math.c,226 :: 		
0x00AE	0x3010      	MOVLW      16
;__Lib_Math.c,227 :: 		
0x00AF	0x00FC      	MOVWF      R12
;__Lib_Math.c,228 :: 		
0x00B0	0x0D71      	RLF        R1, 0
;__Lib_Math.c,229 :: 		
0x00B1	0x0DF8      	RLF        R8, 1
;__Lib_Math.c,230 :: 		
0x00B2	0x0DF9      	RLF        R9, 1
;__Lib_Math.c,231 :: 		
0x00B3	0x0874      	MOVF       R4, 0
;__Lib_Math.c,232 :: 		
0x00B4	0x02F8      	SUBWF      R8, 1
;__Lib_Math.c,233 :: 		
0x00B5	0x0875      	MOVF       R5, 0
;__Lib_Math.c,234 :: 		
0x00B6	0x1C03      	BTFSS      STATUS, 0
;__Lib_Math.c,235 :: 		
0x00B7	0x0F75      	INCFSZ     R5, 0
;__Lib_Math.c,236 :: 		
0x00B8	0x02F9      	SUBWF      R9, 1
;__Lib_Math.c,237 :: 		
0x00B9	0x1803      	BTFSC      STATUS, 0
;__Lib_Math.c,238 :: 		
0x00BA	0x28C2      	GOTO       $+8
;__Lib_Math.c,239 :: 		
0x00BB	0x0874      	MOVF       R4, 0
;__Lib_Math.c,240 :: 		
0x00BC	0x07F8      	ADDWF      R8, 1
;__Lib_Math.c,241 :: 		
0x00BD	0x0875      	MOVF       R5, 0
;__Lib_Math.c,242 :: 		
0x00BE	0x1803      	BTFSC      STATUS, 0
;__Lib_Math.c,243 :: 		
0x00BF	0x0F75      	INCFSZ     R5, 0
;__Lib_Math.c,244 :: 		
0x00C0	0x07F9      	ADDWF      R9, 1
;__Lib_Math.c,245 :: 		
0x00C1	0x1003      	BCF        STATUS, 0
;__Lib_Math.c,246 :: 		
0x00C2	0x0DF0      	RLF        R0, 1
;__Lib_Math.c,247 :: 		
0x00C3	0x0DF1      	RLF        R1, 1
;__Lib_Math.c,248 :: 		
0x00C4	0x0BFC      	DECFSZ     R12, 1
;__Lib_Math.c,249 :: 		
0x00C5	0x28B0      	GOTO       $-21
;__Lib_Math.c,251 :: 		
L_end_Div_16X16_U:
0x00C6	0x0008      	RETURN
; end of _Div_16X16_U
_SETFUN32:
;__Lib_MathDouble.c,138 :: 		
;__Lib_MathDouble.c,145 :: 		
0x00C7	0x157B      	BSF        R11, 2
;__Lib_MathDouble.c,146 :: 		
0x00C8	0x1FFB      	BTFSS      R11, 7
;__Lib_MathDouble.c,147 :: 		
0x00C9	0x28D1      	GOTO       SETFUN32EEE
;__Lib_MathDouble.c,148 :: 		
0x00CA	0x3001      	MOVLW      1
;__Lib_MathDouble.c,149 :: 		
0x00CB	0x00F3      	MOVWF      R3
;__Lib_MathDouble.c,150 :: 		
0x00CC	0x01F2      	CLRF       R2
;__Lib_MathDouble.c,151 :: 		
0x00CD	0x01F1      	CLRF       R1
;__Lib_MathDouble.c,152 :: 		
0x00CE	0x01F0      	CLRF       R0
;__Lib_MathDouble.c,153 :: 		
0x00CF	0x0DFA      	RLF        R10, 1
;__Lib_MathDouble.c,154 :: 		
0x00D0	0x0CF2      	RRF        R2, 1
;__Lib_MathDouble.c,155 :: 		
SETFUN32EEE:
;__Lib_MathDouble.c,156 :: 		
0x00D1	0x30FF      	MOVLW      255
;__Lib_MathDouble.c,158 :: 		
L_end_SETFUN32:
0x00D2	0x0008      	RETURN
; end of _SETFUN32
_RES032:
;__Lib_MathDouble.c,123 :: 		
;__Lib_MathDouble.c,128 :: 		
0x00D3	0x01F2      	CLRF       R2
;__Lib_MathDouble.c,129 :: 		
0x00D4	0x01F1      	CLRF       R1
;__Lib_MathDouble.c,130 :: 		
0x00D5	0x01F0      	CLRF       R0
;__Lib_MathDouble.c,131 :: 		
0x00D6	0x01F8      	CLRF       R8
;__Lib_MathDouble.c,132 :: 		
0x00D7	0x01F3      	CLRF       R3
;__Lib_MathDouble.c,133 :: 		
0x00D8	0x3000      	MOVLW      0
;__Lib_MathDouble.c,135 :: 		
L_end_RES032:
0x00D9	0x0008      	RETURN
; end of _RES032
_SETFOV32:
;__Lib_MathDouble.c,79 :: 		
;__Lib_MathDouble.c,86 :: 		
0x00DA	0x14FB      	BSF        R11, 1
;__Lib_MathDouble.c,87 :: 		
0x00DB	0x1FFB      	BTFSS      R11, 7
;__Lib_MathDouble.c,88 :: 		
0x00DC	0x28E4      	GOTO       SETFOV32EEE
;__Lib_MathDouble.c,89 :: 		
0x00DD	0x30FF      	MOVLW      255
;__Lib_MathDouble.c,90 :: 		
0x00DE	0x00F3      	MOVWF      R3
;__Lib_MathDouble.c,91 :: 		
0x00DF	0x00F2      	MOVWF      R2
;__Lib_MathDouble.c,92 :: 		
0x00E0	0x00F1      	MOVWF      R1
;__Lib_MathDouble.c,93 :: 		
0x00E1	0x00F0      	MOVWF      R0
;__Lib_MathDouble.c,94 :: 		
0x00E2	0x0DFA      	RLF        R10, 1
;__Lib_MathDouble.c,95 :: 		
0x00E3	0x0CF2      	RRF        R2, 1
;__Lib_MathDouble.c,96 :: 		
SETFOV32EEE:
;__Lib_MathDouble.c,97 :: 		
0x00E4	0x30FF      	MOVLW      255
;__Lib_MathDouble.c,99 :: 		
L_end_SETFOV32:
0x00E5	0x0008      	RETURN
; end of _SETFOV32
_Lcd_Chr_CP:
;__Lib_Lcd.c,50 :: 		
;__Lib_Lcd.c,52 :: 		
0x00E6	0x1283      	BCF        STATUS, 5
0x00E7	0x1303      	BCF        STATUS, 6
0x00E8	0x1046      	BCF        __Lib_Lcd_cmd_status, BitPos(__Lib_Lcd_cmd_status+0)
;__Lib_Lcd.c,53 :: 		
0x00E9	0x0855      	MOVF       FARG_Lcd_Chr_CP_out_char, 0
0x00EA	0x00DA      	MOVWF      FARG_Lcd_Cmd_out_char
0x00EB	0x206A      	CALL       _Lcd_Cmd
;__Lib_Lcd.c,54 :: 		
0x00EC	0x1446      	BSF        __Lib_Lcd_cmd_status, BitPos(__Lib_Lcd_cmd_status+0)
;__Lib_Lcd.c,55 :: 		
L_end_Lcd_Chr_CP:
0x00ED	0x0008      	RETURN
; end of _Lcd_Chr_CP
_____DoICP:
;__Lib_System.c,6 :: 		
;__Lib_System.c,9 :: 		
0x00EE	0x1283      	BCF        STATUS, 5
0x00EF	0x1303      	BCF        STATUS, 6
0x00F0	0x0845      	MOVF       ___DoICPAddr+1, 0
0x00F1	0x008A      	MOVWF      PCLATH
;__Lib_System.c,10 :: 		
0x00F2	0x0844      	MOVF       ___DoICPAddr, 0
0x00F3	0x0082      	MOVWF      PCL
;__Lib_System.c,12 :: 		
L_end_____DoICP:
0x00F4	0x0008      	RETURN
; end of _____DoICP
_NRM3232:
;__Lib_MathDouble.c,167 :: 		
;__Lib_MathDouble.c,173 :: 		
;__Lib_MathDouble.c,175 :: 		
0x00F5	0x01A0      	CLRF       __math_tempbD
;__Lib_MathDouble.c,176 :: 		
0x00F6	0x0872      	MOVF       R2, 0
;__Lib_MathDouble.c,177 :: 		
0x00F7	0x1D03      	BTFSS      STATUS, 2
;__Lib_MathDouble.c,178 :: 		
0x00F8	0x290A      	GOTO       NORM3232
;__Lib_MathDouble.c,179 :: 		
0x00F9	0x0871      	MOVF       R1, 0
;__Lib_MathDouble.c,180 :: 		
0x00FA	0x00F2      	MOVWF      R2
;__Lib_MathDouble.c,181 :: 		
0x00FB	0x0870      	MOVF       R0, 0
;__Lib_MathDouble.c,182 :: 		
0x00FC	0x00F1      	MOVWF      R1
;__Lib_MathDouble.c,183 :: 		
0x00FD	0x01F0      	CLRF       R0
;__Lib_MathDouble.c,184 :: 		
0x00FE	0x15A0      	BSF        __math_tempbD, 3
;__Lib_MathDouble.c,186 :: 		
0x00FF	0x0872      	MOVF       R2, 0
;__Lib_MathDouble.c,187 :: 		
0x0100	0x1D03      	BTFSS      STATUS, 2
;__Lib_MathDouble.c,188 :: 		
0x0101	0x290A      	GOTO       NORM3232
;__Lib_MathDouble.c,189 :: 		
0x0102	0x0871      	MOVF       R1, 0
;__Lib_MathDouble.c,190 :: 		
0x0103	0x00F2      	MOVWF      R2
;__Lib_MathDouble.c,191 :: 		
0x0104	0x01F1      	CLRF       R1
;__Lib_MathDouble.c,192 :: 		
0x0105	0x11A0      	BCF        __math_tempbD, 3
;__Lib_MathDouble.c,193 :: 		
0x0106	0x1620      	BSF        __math_tempbD, 4
;__Lib_MathDouble.c,195 :: 		
0x0107	0x0872      	MOVF       R2, 0
;__Lib_MathDouble.c,196 :: 		
0x0108	0x1903      	BTFSC      STATUS, 2
;__Lib_MathDouble.c,197 :: 		
0x0109	0x2918      	GOTO       JPNRES032
;__Lib_MathDouble.c,198 :: 		
NORM3232:
;__Lib_MathDouble.c,199 :: 		
0x010A	0x0820      	MOVF       __math_tempbD, 0
;__Lib_MathDouble.c,200 :: 		
0x010B	0x02F3      	SUBWF      R3, 1
;__Lib_MathDouble.c,201 :: 		
0x010C	0x1D03      	BTFSS      STATUS, 2
;__Lib_MathDouble.c,202 :: 		
0x010D	0x1C03      	BTFSS      STATUS, 0
;__Lib_MathDouble.c,203 :: 		
0x010E	0x291C      	GOTO       JPNSETFUN32
;__Lib_MathDouble.c,204 :: 		
0x010F	0x1003      	BCF        STATUS, 0
;__Lib_MathDouble.c,205 :: 		
NORM3232A:
;__Lib_MathDouble.c,206 :: 		
0x0110	0x1BF2      	BTFSC      R2, 7
;__Lib_MathDouble.c,207 :: 		
0x0111	0x2920      	GOTO       JMPNFIXSIGN32
;__Lib_MathDouble.c,208 :: 		
0x0112	0x0DF0      	RLF        R0, 1
;__Lib_MathDouble.c,209 :: 		
0x0113	0x0DF1      	RLF        R1, 1
;__Lib_MathDouble.c,210 :: 		
0x0114	0x0DF2      	RLF        R2, 1
;__Lib_MathDouble.c,211 :: 		
0x0115	0x0BF3      	DECFSZ     R3, 1
;__Lib_MathDouble.c,212 :: 		
0x0116	0x2910      	GOTO       NORM3232A
;__Lib_MathDouble.c,213 :: 		
0x0117	0x291C      	GOTO       JPNSETFUN32
;__Lib_MathDouble.c,214 :: 		
JPNRES032:
;__Lib_MathDouble.c,215 :: 		
0x0118	0x3001      	MOVLW      1
;__Lib_MathDouble.c,216 :: 		
0x0119	0x00FC      	MOVWF      R12
;__Lib_MathDouble.c,218 :: 		
0x011A	0x20D3      	CALL       _RES032
;__Lib_MathDouble.c,220 :: 		
0x011B	0x2923      	GOTO       NORM32EEE
;__Lib_MathDouble.c,221 :: 		
JPNSETFUN32:
;__Lib_MathDouble.c,222 :: 		
0x011C	0x3002      	MOVLW      2
;__Lib_MathDouble.c,223 :: 		
0x011D	0x00FC      	MOVWF      R12
;__Lib_MathDouble.c,225 :: 		
0x011E	0x20C7      	CALL       _SETFUN32
;__Lib_MathDouble.c,227 :: 		
0x011F	0x2923      	GOTO       NORM32EEE
;__Lib_MathDouble.c,228 :: 		
JMPNFIXSIGN32:
;__Lib_MathDouble.c,229 :: 		
0x0120	0x3004      	MOVLW      4
;__Lib_MathDouble.c,230 :: 		
0x0121	0x00FC      	MOVWF      R12
;__Lib_MathDouble.c,232 :: 		
0x0122	0x2066      	CALL       _FIXSIGN32
;__Lib_MathDouble.c,234 :: 		
NORM32EEE:
;__Lib_MathDouble.c,236 :: 		
L_end_NRM3232:
0x0123	0x0008      	RETURN
; end of _NRM3232
_SETIOV3224:
;__Lib_MathDouble.c,1000 :: 		
;__Lib_MathDouble.c,1006 :: 		
0x0124	0x147B      	BSF        R11, 0
;__Lib_MathDouble.c,1007 :: 		
0x0125	0x1FFB      	BTFSS      R11, 7
;__Lib_MathDouble.c,1008 :: 		
0x0126	0x292F      	GOTO       SETIOV3224EEE
;__Lib_MathDouble.c,1010 :: 		
0x0127	0x01F2      	CLRF       R2
;__Lib_MathDouble.c,1011 :: 		
0x0128	0x1FFA      	BTFSS      R10, 7
;__Lib_MathDouble.c,1012 :: 		
0x0129	0x30FF      	MOVLW      255
;__Lib_MathDouble.c,1013 :: 		
0x012A	0x00F2      	MOVWF      R2
;__Lib_MathDouble.c,1014 :: 		
0x012B	0x00F1      	MOVWF      R1
;__Lib_MathDouble.c,1015 :: 		
0x012C	0x00F0      	MOVWF      R0
;__Lib_MathDouble.c,1016 :: 		
0x012D	0x0DFA      	RLF        R10, 1
;__Lib_MathDouble.c,1017 :: 		
0x012E	0x0CF2      	RRF        R2, 1
;__Lib_MathDouble.c,1018 :: 		
SETIOV3224EEE:
;__Lib_MathDouble.c,1019 :: 		
0x012F	0x30FF      	MOVLW      255
;__Lib_MathDouble.c,1021 :: 		
L_end_SETIOV3224:
0x0130	0x0008      	RETURN
; end of _SETIOV3224
_NRM4032:
;__Lib_MathDouble.c,245 :: 		
;__Lib_MathDouble.c,252 :: 		
;__Lib_MathDouble.c,254 :: 		
0x0131	0x187C      	BTFSC      R12, 0
;__Lib_MathDouble.c,255 :: 		
0x0132	0x2967      	GOTO       NRMRND4032
;__Lib_MathDouble.c,256 :: 		
0x0133	0x18FC      	BTFSC      R12, 1
;__Lib_MathDouble.c,257 :: 		
0x0134	0x2938      	GOTO       NRM4032
;__Lib_MathDouble.c,258 :: 		
0x0135	0x197C      	BTFSC      R12, 2
;__Lib_MathDouble.c,259 :: 		
0x0136	0x2986      	GOTO       JMPSETFOV32
;__Lib_MathDouble.c,260 :: 		
0x0137	0x2931      	GOTO       $-6
;__Lib_MathDouble.c,261 :: 		
NRM4032:
;__Lib_MathDouble.c,262 :: 		
0x0138	0x01A0      	CLRF       __math_tempbD
;__Lib_MathDouble.c,263 :: 		
0x0139	0x0872      	MOVF       R2, 0
;__Lib_MathDouble.c,264 :: 		
0x013A	0x1D03      	BTFSS      STATUS, 2
;__Lib_MathDouble.c,265 :: 		
0x013B	0x2958      	GOTO       NORM4032
;__Lib_MathDouble.c,266 :: 		
0x013C	0x0871      	MOVF       R1, 0
;__Lib_MathDouble.c,267 :: 		
0x013D	0x00F2      	MOVWF      R2
;__Lib_MathDouble.c,268 :: 		
0x013E	0x0870      	MOVF       R0, 0
;__Lib_MathDouble.c,269 :: 		
0x013F	0x00F1      	MOVWF      R1
;__Lib_MathDouble.c,270 :: 		
0x0140	0x0878      	MOVF       R8, 0
;__Lib_MathDouble.c,271 :: 		
0x0141	0x00F0      	MOVWF      R0
;__Lib_MathDouble.c,272 :: 		
0x0142	0x01F8      	CLRF       R8
;__Lib_MathDouble.c,273 :: 		
0x0143	0x15A0      	BSF        __math_tempbD, 3
;__Lib_MathDouble.c,275 :: 		
0x0144	0x0872      	MOVF       R2, 0
;__Lib_MathDouble.c,276 :: 		
0x0145	0x1D03      	BTFSS      STATUS, 2
;__Lib_MathDouble.c,277 :: 		
0x0146	0x2958      	GOTO       NORM4032
;__Lib_MathDouble.c,278 :: 		
0x0147	0x0871      	MOVF       R1, 0
;__Lib_MathDouble.c,279 :: 		
0x0148	0x00F2      	MOVWF      R2
;__Lib_MathDouble.c,280 :: 		
0x0149	0x0870      	MOVF       R0, 0
;__Lib_MathDouble.c,281 :: 		
0x014A	0x00F1      	MOVWF      R1
;__Lib_MathDouble.c,282 :: 		
0x014B	0x01F0      	CLRF       R0
;__Lib_MathDouble.c,283 :: 		
0x014C	0x11A0      	BCF        __math_tempbD, 3
;__Lib_MathDouble.c,284 :: 		
0x014D	0x1620      	BSF        __math_tempbD, 4
;__Lib_MathDouble.c,286 :: 		
0x014E	0x0872      	MOVF       R2, 0
;__Lib_MathDouble.c,287 :: 		
0x014F	0x1D03      	BTFSS      STATUS, 2
;__Lib_MathDouble.c,288 :: 		
0x0150	0x2958      	GOTO       NORM4032
;__Lib_MathDouble.c,289 :: 		
0x0151	0x0871      	MOVF       R1, 0
;__Lib_MathDouble.c,290 :: 		
0x0152	0x00F2      	MOVWF      R2
;__Lib_MathDouble.c,291 :: 		
0x0153	0x01F1      	CLRF       R1
;__Lib_MathDouble.c,292 :: 		
0x0154	0x15A0      	BSF        __math_tempbD, 3
;__Lib_MathDouble.c,294 :: 		
0x0155	0x0872      	MOVF       R2, 0
;__Lib_MathDouble.c,295 :: 		
0x0156	0x1903      	BTFSC      STATUS, 2
;__Lib_MathDouble.c,296 :: 		
0x0157	0x297A      	GOTO       JMPRES032
;__Lib_MathDouble.c,297 :: 		
NORM4032:
;__Lib_MathDouble.c,298 :: 		
0x0158	0x0820      	MOVF       __math_tempbD, 0
;__Lib_MathDouble.c,299 :: 		
0x0159	0x02F3      	SUBWF      R3, 1
;__Lib_MathDouble.c,300 :: 		
0x015A	0x1D03      	BTFSS      STATUS, 2
;__Lib_MathDouble.c,301 :: 		
0x015B	0x1C03      	BTFSS      STATUS, 0
;__Lib_MathDouble.c,302 :: 		
0x015C	0x297E      	GOTO       JMPSETFUN32
;__Lib_MathDouble.c,303 :: 		
0x015D	0x1003      	BCF        STATUS, 0
;__Lib_MathDouble.c,304 :: 		
NORM4032A:
;__Lib_MathDouble.c,305 :: 		
0x015E	0x1BF2      	BTFSC      R2, 7
;__Lib_MathDouble.c,306 :: 		
0x015F	0x2967      	GOTO       NRMRND4032
;__Lib_MathDouble.c,307 :: 		
0x0160	0x0DF8      	RLF        R8, 1
;__Lib_MathDouble.c,308 :: 		
0x0161	0x0DF0      	RLF        R0, 1
;__Lib_MathDouble.c,309 :: 		
0x0162	0x0DF1      	RLF        R1, 1
;__Lib_MathDouble.c,310 :: 		
0x0163	0x0DF2      	RLF        R2, 1
;__Lib_MathDouble.c,311 :: 		
0x0164	0x0BF3      	DECFSZ     R3, 1
;__Lib_MathDouble.c,312 :: 		
0x0165	0x295E      	GOTO       NORM4032A
;__Lib_MathDouble.c,313 :: 		
0x0166	0x297E      	GOTO       JMPSETFUN32
;__Lib_MathDouble.c,314 :: 		
NRMRND4032:
;__Lib_MathDouble.c,315 :: 		
0x0167	0x1B7B      	BTFSC      R11, 6
;__Lib_MathDouble.c,316 :: 		
0x0168	0x1C70      	BTFSS      R0, 0
;__Lib_MathDouble.c,317 :: 		
0x0169	0x2982      	GOTO       JMPFIXSIGN32
;__Lib_MathDouble.c,318 :: 		
0x016A	0x1FF8      	BTFSS      R8, 7
;__Lib_MathDouble.c,319 :: 		
0x016B	0x2982      	GOTO       JMPFIXSIGN32
;__Lib_MathDouble.c,320 :: 		
0x016C	0x0AF0      	INCF       R0, 1
;__Lib_MathDouble.c,321 :: 		
0x016D	0x1903      	BTFSC      STATUS, 2
;__Lib_MathDouble.c,322 :: 		
0x016E	0x0AF1      	INCF       R1, 1
;__Lib_MathDouble.c,323 :: 		
0x016F	0x1903      	BTFSC      STATUS, 2
;__Lib_MathDouble.c,324 :: 		
0x0170	0x0AF2      	INCF       R2, 1
;__Lib_MathDouble.c,325 :: 		
0x0171	0x1D03      	BTFSS      STATUS, 2
;__Lib_MathDouble.c,326 :: 		
0x0172	0x2982      	GOTO       JMPFIXSIGN32
;__Lib_MathDouble.c,327 :: 		
0x0173	0x0CF2      	RRF        R2, 1
;__Lib_MathDouble.c,328 :: 		
0x0174	0x0CF1      	RRF        R1, 1
;__Lib_MathDouble.c,329 :: 		
0x0175	0x0CF0      	RRF        R0, 1
;__Lib_MathDouble.c,330 :: 		
0x0176	0x0AF3      	INCF       R3, 1
;__Lib_MathDouble.c,331 :: 		
0x0177	0x1903      	BTFSC      STATUS, 2
;__Lib_MathDouble.c,332 :: 		
0x0178	0x2986      	GOTO       JMPSETFOV32
;__Lib_MathDouble.c,333 :: 		
0x0179	0x2982      	GOTO       JMPFIXSIGN32
;__Lib_MathDouble.c,334 :: 		
JMPRES032:
;__Lib_MathDouble.c,335 :: 		
0x017A	0x3001      	MOVLW      1
;__Lib_MathDouble.c,336 :: 		
0x017B	0x00FC      	MOVWF      R12
;__Lib_MathDouble.c,338 :: 		
0x017C	0x20D3      	CALL       _RES032
;__Lib_MathDouble.c,340 :: 		
0x017D	0x2989      	GOTO       NRM4032EEE
;__Lib_MathDouble.c,341 :: 		
JMPSETFUN32:
;__Lib_MathDouble.c,342 :: 		
0x017E	0x3002      	MOVLW      2
;__Lib_MathDouble.c,343 :: 		
0x017F	0x00FC      	MOVWF      R12
;__Lib_MathDouble.c,345 :: 		
0x0180	0x20C7      	CALL       _SETFUN32
;__Lib_MathDouble.c,347 :: 		
0x0181	0x2989      	GOTO       NRM4032EEE
;__Lib_MathDouble.c,348 :: 		
JMPFIXSIGN32:
;__Lib_MathDouble.c,349 :: 		
0x0182	0x3004      	MOVLW      4
;__Lib_MathDouble.c,350 :: 		
0x0183	0x00FC      	MOVWF      R12
;__Lib_MathDouble.c,352 :: 		
0x0184	0x2066      	CALL       _FIXSIGN32
;__Lib_MathDouble.c,354 :: 		
0x0185	0x2989      	GOTO       NRM4032EEE
;__Lib_MathDouble.c,355 :: 		
JMPSETFOV32:
;__Lib_MathDouble.c,356 :: 		
0x0186	0x3008      	MOVLW      8
;__Lib_MathDouble.c,357 :: 		
0x0187	0x00FC      	MOVWF      R12
;__Lib_MathDouble.c,359 :: 		
0x0188	0x20DA      	CALL       _SETFOV32
;__Lib_MathDouble.c,361 :: 		
NRM4032EEE:
;__Lib_MathDouble.c,362 :: 		
0x0189	0x0000      	NOP
;__Lib_MathDouble.c,370 :: 		
L_end_NRM4032:
0x018A	0x0008      	RETURN
; end of _NRM4032
_SETFDZ32:
;__Lib_MathDouble.c,102 :: 		
;__Lib_MathDouble.c,105 :: 		
0x018B	0x15FB      	BSF        R11, 3
;__Lib_MathDouble.c,106 :: 		
0x018C	0x30FF      	MOVLW      255
;__Lib_MathDouble.c,108 :: 		
L_end_SETFDZ32:
0x018D	0x0008      	RETURN
; end of _SETFDZ32
_WordToStr:
;__Lib_Conversions.c,98 :: 		
;__Lib_Conversions.c,103 :: 		
0x018E	0x1283      	BCF        STATUS, 5
0x018F	0x1303      	BCF        STATUS, 6
0x0190	0x01D8      	CLRF       WordToStr_len_L0
L_WordToStr11:
0x0191	0x3005      	MOVLW      5
0x0192	0x0258      	SUBWF      WordToStr_len_L0, 0
0x0193	0x1803      	BTFSC      STATUS, 0
0x0194	0x299C      	GOTO       L_WordToStr12
;__Lib_Conversions.c,104 :: 		
0x0195	0x0858      	MOVF       WordToStr_len_L0, 0
0x0196	0x0757      	ADDWF      FARG_WordToStr_output, 0
0x0197	0x0084      	MOVWF      FSR
0x0198	0x3020      	MOVLW      32
0x0199	0x0080      	MOVWF      INDF
;__Lib_Conversions.c,103 :: 		
0x019A	0x0AD8      	INCF       WordToStr_len_L0, 1
;__Lib_Conversions.c,104 :: 		
0x019B	0x2991      	GOTO       L_WordToStr11
L_WordToStr12:
;__Lib_Conversions.c,105 :: 		
0x019C	0x0858      	MOVF       WordToStr_len_L0, 0
0x019D	0x0757      	ADDWF      FARG_WordToStr_output, 0
0x019E	0x0084      	MOVWF      FSR
0x019F	0x0180      	CLRF       INDF
0x01A0	0x03D8      	DECF       WordToStr_len_L0, 1
;__Lib_Conversions.c,107 :: 		
L_WordToStr14:
;__Lib_Conversions.c,108 :: 		
0x01A1	0x0858      	MOVF       WordToStr_len_L0, 0
0x01A2	0x0757      	ADDWF      FARG_WordToStr_output, 0
0x01A3	0x00D9      	MOVWF      FLOC__WordToStr
0x01A4	0x300A      	MOVLW      10
0x01A5	0x00F4      	MOVWF      R4
0x01A6	0x01F5      	CLRF       R4+1
0x01A7	0x0855      	MOVF       FARG_WordToStr_input, 0
0x01A8	0x00F0      	MOVWF      R0
0x01A9	0x0856      	MOVF       FARG_WordToStr_input+1, 0
0x01AA	0x00F1      	MOVWF      R0+1
0x01AB	0x20AA      	CALL       _Div_16X16_U
0x01AC	0x0878      	MOVF       R8, 0
0x01AD	0x00F0      	MOVWF      R0
0x01AE	0x0879      	MOVF       R8+1, 0
0x01AF	0x00F1      	MOVWF      R0+1
0x01B0	0x3030      	MOVLW      48
0x01B1	0x07F0      	ADDWF      R0, 1
0x01B2	0x0859      	MOVF       FLOC__WordToStr, 0
0x01B3	0x0084      	MOVWF      FSR
0x01B4	0x0870      	MOVF       R0, 0
0x01B5	0x0080      	MOVWF      INDF
;__Lib_Conversions.c,109 :: 		
0x01B6	0x300A      	MOVLW      10
0x01B7	0x00F4      	MOVWF      R4
0x01B8	0x01F5      	CLRF       R4+1
0x01B9	0x0855      	MOVF       FARG_WordToStr_input, 0
0x01BA	0x00F0      	MOVWF      R0
0x01BB	0x0856      	MOVF       FARG_WordToStr_input+1, 0
0x01BC	0x00F1      	MOVWF      R0+1
0x01BD	0x20AA      	CALL       _Div_16X16_U
0x01BE	0x0870      	MOVF       R0, 0
0x01BF	0x00D5      	MOVWF      FARG_WordToStr_input
0x01C0	0x0871      	MOVF       R0+1, 0
0x01C1	0x00D6      	MOVWF      FARG_WordToStr_input+1
;__Lib_Conversions.c,110 :: 		
0x01C2	0x3000      	MOVLW      0
0x01C3	0x0671      	XORWF      R0+1, 0
0x01C4	0x1D03      	BTFSS      STATUS, 2
0x01C5	0x29C8      	GOTO       L__WordToStr159
0x01C6	0x3000      	MOVLW      0
0x01C7	0x0670      	XORWF      R0, 0
L__WordToStr159:
0x01C8	0x1D03      	BTFSS      STATUS, 2
0x01C9	0x29CB      	GOTO       L_WordToStr16
;__Lib_Conversions.c,111 :: 		
0x01CA	0x29CD      	GOTO       L_WordToStr15
L_WordToStr16:
;__Lib_Conversions.c,112 :: 		
0x01CB	0x03D8      	DECF       WordToStr_len_L0, 1
;__Lib_Conversions.c,113 :: 		
0x01CC	0x29A1      	GOTO       L_WordToStr14
L_WordToStr15:
;__Lib_Conversions.c,114 :: 		
L_end_WordToStr:
0x01CD	0x0008      	RETURN
; end of _WordToStr
_Add_32x32_FP:
;__Lib_MathDouble.c,379 :: 		
;__Lib_MathDouble.c,390 :: 		
;__Lib_MathDouble.c,392 :: 		
0x01CE	0x1283      	BCF        STATUS, 5
;__Lib_MathDouble.c,393 :: 		
0x01CF	0x1303      	BCF        STATUS, 6
;__Lib_MathDouble.c,394 :: 		
0x01D0	0x0872      	MOVF       R2, 0
;__Lib_MathDouble.c,395 :: 		
0x01D1	0x0676      	XORWF      R6, 0
;__Lib_MathDouble.c,396 :: 		
0x01D2	0x00A0      	MOVWF      __math_tempbD
;__Lib_MathDouble.c,398 :: 		
0x01D3	0x01F8      	CLRF       R8
;__Lib_MathDouble.c,399 :: 		
0x01D4	0x01F9      	CLRF       R9
;__Lib_MathDouble.c,401 :: 		
0x01D5	0x0873      	MOVF       R3, 0
;__Lib_MathDouble.c,402 :: 		
0x01D6	0x0277      	SUBWF      R7, 0
;__Lib_MathDouble.c,403 :: 		
0x01D7	0x1C03      	BTFSS      STATUS, 0
;__Lib_MathDouble.c,404 :: 		
0x01D8	0x29F1      	GOTO       USEA32
;__Lib_MathDouble.c,406 :: 		
0x01D9	0x0877      	MOVF       R7, 0
;__Lib_MathDouble.c,407 :: 		
0x01DA	0x00FD      	MOVWF      R13
;__Lib_MathDouble.c,408 :: 		
0x01DB	0x0873      	MOVF       R3, 0
;__Lib_MathDouble.c,409 :: 		
0x01DC	0x00F7      	MOVWF      R7
;__Lib_MathDouble.c,410 :: 		
0x01DD	0x087D      	MOVF       R13, 0
;__Lib_MathDouble.c,411 :: 		
0x01DE	0x00F3      	MOVWF      R3
;__Lib_MathDouble.c,413 :: 		
0x01DF	0x0876      	MOVF       R6, 0
;__Lib_MathDouble.c,414 :: 		
0x01E0	0x00FD      	MOVWF      R13
;__Lib_MathDouble.c,415 :: 		
0x01E1	0x0872      	MOVF       R2, 0
;__Lib_MathDouble.c,416 :: 		
0x01E2	0x00F6      	MOVWF      R6
;__Lib_MathDouble.c,417 :: 		
0x01E3	0x087D      	MOVF       R13, 0
;__Lib_MathDouble.c,418 :: 		
0x01E4	0x00F2      	MOVWF      R2
;__Lib_MathDouble.c,420 :: 		
0x01E5	0x0875      	MOVF       R5, 0
;__Lib_MathDouble.c,421 :: 		
0x01E6	0x00FD      	MOVWF      R13
;__Lib_MathDouble.c,422 :: 		
0x01E7	0x0871      	MOVF       R1, 0
;__Lib_MathDouble.c,423 :: 		
0x01E8	0x00F5      	MOVWF      R5
;__Lib_MathDouble.c,424 :: 		
0x01E9	0x087D      	MOVF       R13, 0
;__Lib_MathDouble.c,425 :: 		
0x01EA	0x00F1      	MOVWF      R1
;__Lib_MathDouble.c,427 :: 		
0x01EB	0x0874      	MOVF       R4, 0
;__Lib_MathDouble.c,428 :: 		
0x01EC	0x00FD      	MOVWF      R13
;__Lib_MathDouble.c,429 :: 		
0x01ED	0x0870      	MOVF       R0, 0
;__Lib_MathDouble.c,430 :: 		
0x01EE	0x00F4      	MOVWF      R4
;__Lib_MathDouble.c,431 :: 		
0x01EF	0x087D      	MOVF       R13, 0
;__Lib_MathDouble.c,432 :: 		
0x01F0	0x00F0      	MOVWF      R0
;__Lib_MathDouble.c,433 :: 		
USEA32:
;__Lib_MathDouble.c,434 :: 		
0x01F1	0x0877      	MOVF       R7, 0
;__Lib_MathDouble.c,435 :: 		
0x01F2	0x1903      	BTFSC      STATUS, 2
;__Lib_MathDouble.c,436 :: 		
0x01F3	0x2A6A      	GOTO       JMPEEE
;__Lib_MathDouble.c,437 :: 		
0x01F4	0x0872      	MOVF       R2, 0
;__Lib_MathDouble.c,438 :: 		
0x01F5	0x00FA      	MOVWF      R10
;__Lib_MathDouble.c,439 :: 		
0x01F6	0x17F2      	BSF        R2, 7
;__Lib_MathDouble.c,440 :: 		
0x01F7	0x17F6      	BSF        R6, 7
;__Lib_MathDouble.c,441 :: 		
0x01F8	0x0877      	MOVF       R7, 0
;__Lib_MathDouble.c,442 :: 		
0x01F9	0x0273      	SUBWF      R3, 0
;__Lib_MathDouble.c,443 :: 		
0x01FA	0x00F7      	MOVWF      R7
;__Lib_MathDouble.c,444 :: 		
0x01FB	0x1903      	BTFSC      STATUS, 2
;__Lib_MathDouble.c,445 :: 		
0x01FC	0x2A24      	GOTO       ALIGNED32
;__Lib_MathDouble.c,446 :: 		
0x01FD	0x3008      	MOVLW      8
;__Lib_MathDouble.c,447 :: 		
0x01FE	0x0277      	SUBWF      R7, 0
;__Lib_MathDouble.c,448 :: 		
0x01FF	0x1C03      	BTFSS      STATUS, 0
;__Lib_MathDouble.c,449 :: 		
0x0200	0x2A1A      	GOTO       ALIGNB32
;__Lib_MathDouble.c,450 :: 		
0x0201	0x00F7      	MOVWF      R7
;__Lib_MathDouble.c,451 :: 		
0x0202	0x0874      	MOVF       R4, 0
;__Lib_MathDouble.c,452 :: 		
0x0203	0x00F9      	MOVWF      R9
;__Lib_MathDouble.c,453 :: 		
0x0204	0x0875      	MOVF       R5, 0
;__Lib_MathDouble.c,454 :: 		
0x0205	0x00F4      	MOVWF      R4
;__Lib_MathDouble.c,455 :: 		
0x0206	0x0876      	MOVF       R6, 0
;__Lib_MathDouble.c,456 :: 		
0x0207	0x00F5      	MOVWF      R5
;__Lib_MathDouble.c,457 :: 		
0x0208	0x01F6      	CLRF       R6
;__Lib_MathDouble.c,458 :: 		
0x0209	0x3008      	MOVLW      8
;__Lib_MathDouble.c,459 :: 		
0x020A	0x0277      	SUBWF      R7, 0
;__Lib_MathDouble.c,460 :: 		
0x020B	0x1C03      	BTFSS      STATUS, 0
;__Lib_MathDouble.c,461 :: 		
0x020C	0x2A1A      	GOTO       ALIGNB32
;__Lib_MathDouble.c,462 :: 		
0x020D	0x00F7      	MOVWF      R7
;__Lib_MathDouble.c,463 :: 		
0x020E	0x0874      	MOVF       R4, 0
;__Lib_MathDouble.c,464 :: 		
0x020F	0x00F9      	MOVWF      R9
;__Lib_MathDouble.c,465 :: 		
0x0210	0x0875      	MOVF       R5, 0
;__Lib_MathDouble.c,466 :: 		
0x0211	0x00F4      	MOVWF      R4
;__Lib_MathDouble.c,467 :: 		
0x0212	0x01F5      	CLRF       R5
;__Lib_MathDouble.c,468 :: 		
0x0213	0x3008      	MOVLW      8
;__Lib_MathDouble.c,469 :: 		
0x0214	0x0277      	SUBWF      R7, 0
;__Lib_MathDouble.c,470 :: 		
0x0215	0x1C03      	BTFSS      STATUS, 0
;__Lib_MathDouble.c,471 :: 		
0x0216	0x2A1A      	GOTO       ALIGNB32
;__Lib_MathDouble.c,472 :: 		
0x0217	0x087A      	MOVF       R10, 0
;__Lib_MathDouble.c,473 :: 		
0x0218	0x00F2      	MOVWF      R2
;__Lib_MathDouble.c,474 :: 		
0x0219	0x2A6A      	GOTO       JMPEEE
;__Lib_MathDouble.c,475 :: 		
ALIGNB32:
;__Lib_MathDouble.c,476 :: 		
0x021A	0x0877      	MOVF       R7, 0
;__Lib_MathDouble.c,477 :: 		
0x021B	0x1903      	BTFSC      STATUS, 2
;__Lib_MathDouble.c,478 :: 		
0x021C	0x2A24      	GOTO       ALIGNED32
;__Lib_MathDouble.c,479 :: 		
ALOOPB32:
;__Lib_MathDouble.c,480 :: 		
0x021D	0x1003      	BCF        STATUS, 0
;__Lib_MathDouble.c,481 :: 		
0x021E	0x0CF6      	RRF        R6, 1
;__Lib_MathDouble.c,482 :: 		
0x021F	0x0CF5      	RRF        R5, 1
;__Lib_MathDouble.c,483 :: 		
0x0220	0x0CF4      	RRF        R4, 1
;__Lib_MathDouble.c,484 :: 		
0x0221	0x0CF9      	RRF        R9, 1
;__Lib_MathDouble.c,485 :: 		
0x0222	0x0BF7      	DECFSZ     R7, 1
;__Lib_MathDouble.c,486 :: 		
0x0223	0x2A1D      	GOTO       ALOOPB32
;__Lib_MathDouble.c,487 :: 		
ALIGNED32:
;__Lib_MathDouble.c,488 :: 		
0x0224	0x1FA0      	BTFSS      __math_tempbD, 7
;__Lib_MathDouble.c,489 :: 		
0x0225	0x2A31      	GOTO       AOK32
;__Lib_MathDouble.c,490 :: 		
0x0226	0x09F9      	COMF       R9, 1
;__Lib_MathDouble.c,491 :: 		
0x0227	0x09F4      	COMF       R4, 1
;__Lib_MathDouble.c,492 :: 		
0x0228	0x09F5      	COMF       R5, 1
;__Lib_MathDouble.c,493 :: 		
0x0229	0x09F6      	COMF       R6, 1
;__Lib_MathDouble.c,494 :: 		
0x022A	0x0AF9      	INCF       R9, 1
;__Lib_MathDouble.c,495 :: 		
0x022B	0x1903      	BTFSC      STATUS, 2
;__Lib_MathDouble.c,496 :: 		
0x022C	0x0AF4      	INCF       R4, 1
;__Lib_MathDouble.c,497 :: 		
0x022D	0x1903      	BTFSC      STATUS, 2
;__Lib_MathDouble.c,498 :: 		
0x022E	0x0AF5      	INCF       R5, 1
;__Lib_MathDouble.c,499 :: 		
0x022F	0x1903      	BTFSC      STATUS, 2
;__Lib_MathDouble.c,500 :: 		
0x0230	0x0AF6      	INCF       R6, 1
;__Lib_MathDouble.c,501 :: 		
AOK32:
;__Lib_MathDouble.c,502 :: 		
0x0231	0x0879      	MOVF       R9, 0
;__Lib_MathDouble.c,503 :: 		
0x0232	0x07F8      	ADDWF      R8, 1
;__Lib_MathDouble.c,504 :: 		
0x0233	0x0874      	MOVF       R4, 0
;__Lib_MathDouble.c,505 :: 		
0x0234	0x1803      	BTFSC      STATUS, 0
;__Lib_MathDouble.c,506 :: 		
0x0235	0x0F74      	INCFSZ     R4, 0
;__Lib_MathDouble.c,507 :: 		
0x0236	0x07F0      	ADDWF      R0, 1
;__Lib_MathDouble.c,508 :: 		
0x0237	0x0875      	MOVF       R5, 0
;__Lib_MathDouble.c,509 :: 		
0x0238	0x1803      	BTFSC      STATUS, 0
;__Lib_MathDouble.c,510 :: 		
0x0239	0x0F75      	INCFSZ     R5, 0
;__Lib_MathDouble.c,511 :: 		
0x023A	0x07F1      	ADDWF      R1, 1
;__Lib_MathDouble.c,512 :: 		
0x023B	0x0876      	MOVF       R6, 0
;__Lib_MathDouble.c,513 :: 		
0x023C	0x1803      	BTFSC      STATUS, 0
;__Lib_MathDouble.c,514 :: 		
0x023D	0x0F76      	INCFSZ     R6, 0
;__Lib_MathDouble.c,515 :: 		
0x023E	0x07F2      	ADDWF      R2, 1
;__Lib_MathDouble.c,516 :: 		
0x023F	0x1BA0      	BTFSC      __math_tempbD, 7
;__Lib_MathDouble.c,517 :: 		
0x0240	0x2A4A      	GOTO       ACOMP32
;__Lib_MathDouble.c,518 :: 		
0x0241	0x1C03      	BTFSS      STATUS, 0
;__Lib_MathDouble.c,519 :: 		
0x0242	0x2A5A      	GOTO       JMPNRMRND4032
;__Lib_MathDouble.c,520 :: 		
0x0243	0x0CF2      	RRF        R2, 1
;__Lib_MathDouble.c,521 :: 		
0x0244	0x0CF1      	RRF        R1, 1
;__Lib_MathDouble.c,522 :: 		
0x0245	0x0CF0      	RRF        R0, 1
;__Lib_MathDouble.c,523 :: 		
0x0246	0x0CF8      	RRF        R8, 1
;__Lib_MathDouble.c,524 :: 		
0x0247	0x0FF3      	INCFSZ     R3, 1
;__Lib_MathDouble.c,525 :: 		
0x0248	0x2A5A      	GOTO       JMPNRMRND4032
;__Lib_MathDouble.c,526 :: 		
0x0249	0x2A66      	GOTO       ADD_JMPSETFOV32
;__Lib_MathDouble.c,527 :: 		
ACOMP32:
;__Lib_MathDouble.c,528 :: 		
0x024A	0x1803      	BTFSC      STATUS, 0
;__Lib_MathDouble.c,529 :: 		
0x024B	0x2A5E      	GOTO       JMPNRM4032
;__Lib_MathDouble.c,530 :: 		
0x024C	0x09F8      	COMF       R8, 1
;__Lib_MathDouble.c,531 :: 		
0x024D	0x09F0      	COMF       R0, 1
;__Lib_MathDouble.c,532 :: 		
0x024E	0x09F1      	COMF       R1, 1
;__Lib_MathDouble.c,533 :: 		
0x024F	0x09F2      	COMF       R2, 1
;__Lib_MathDouble.c,534 :: 		
0x0250	0x0AF8      	INCF       R8, 1
;__Lib_MathDouble.c,535 :: 		
0x0251	0x1903      	BTFSC      STATUS, 2
;__Lib_MathDouble.c,536 :: 		
0x0252	0x0AF0      	INCF       R0, 1
;__Lib_MathDouble.c,537 :: 		
0x0253	0x1903      	BTFSC      STATUS, 2
;__Lib_MathDouble.c,538 :: 		
0x0254	0x0AF1      	INCF       R1, 1
;__Lib_MathDouble.c,539 :: 		
0x0255	0x1903      	BTFSC      STATUS, 2
;__Lib_MathDouble.c,540 :: 		
0x0256	0x0AF2      	INCF       R2, 1
;__Lib_MathDouble.c,541 :: 		
0x0257	0x3080      	MOVLW      128
;__Lib_MathDouble.c,542 :: 		
0x0258	0x06FA      	XORWF      R10, 1
;__Lib_MathDouble.c,543 :: 		
0x0259	0x2A62      	GOTO       JMPNRM32
;__Lib_MathDouble.c,544 :: 		
JMPNRMRND4032:
;__Lib_MathDouble.c,545 :: 		
0x025A	0x3001      	MOVLW      1
;__Lib_MathDouble.c,546 :: 		
0x025B	0x00FC      	MOVWF      R12
;__Lib_MathDouble.c,548 :: 		
0x025C	0x2131      	CALL       _NRM4032
;__Lib_MathDouble.c,550 :: 		
0x025D	0x2A6C      	GOTO       ADD32EEE
;__Lib_MathDouble.c,551 :: 		
JMPNRM4032:
;__Lib_MathDouble.c,552 :: 		
0x025E	0x3002      	MOVLW      2
;__Lib_MathDouble.c,553 :: 		
0x025F	0x00FC      	MOVWF      R12
;__Lib_MathDouble.c,555 :: 		
0x0260	0x2131      	CALL       _NRM4032
;__Lib_MathDouble.c,557 :: 		
0x0261	0x2A6C      	GOTO       ADD32EEE
;__Lib_MathDouble.c,558 :: 		
JMPNRM32:
;__Lib_MathDouble.c,559 :: 		
0x0262	0x3004      	MOVLW      4
;__Lib_MathDouble.c,560 :: 		
0x0263	0x00FC      	MOVWF      R12
;__Lib_MathDouble.c,562 :: 		
0x0264	0x20F5      	CALL       _NRM3232
;__Lib_MathDouble.c,564 :: 		
0x0265	0x2A6C      	GOTO       ADD32EEE
;__Lib_MathDouble.c,565 :: 		
ADD_JMPSETFOV32:
;__Lib_MathDouble.c,566 :: 		
0x0266	0x3008      	MOVLW      8
;__Lib_MathDouble.c,567 :: 		
0x0267	0x00FC      	MOVWF      R12
;__Lib_MathDouble.c,569 :: 		
0x0268	0x20DA      	CALL       _SETFOV32
;__Lib_MathDouble.c,571 :: 		
0x0269	0x2A6C      	GOTO       ADD32EEE
;__Lib_MathDouble.c,572 :: 		
JMPEEE:
;__Lib_MathDouble.c,573 :: 		
0x026A	0x3000      	MOVLW      0
;__Lib_MathDouble.c,574 :: 		
0x026B	0x00FC      	MOVWF      R12
;__Lib_MathDouble.c,575 :: 		
ADD32EEE:
;__Lib_MathDouble.c,576 :: 		
0x026C	0x0000      	NOP
;__Lib_MathDouble.c,584 :: 		
L_end_Add_32x32_FP:
0x026D	0x0008      	RETURN
; end of _Add_32x32_FP
_double2word:
;__Lib_MathDouble.c,1529 :: 		
;__Lib_MathDouble.c,1536 :: 		
0x026E	0x1283      	BCF        STATUS, 5
;__Lib_MathDouble.c,1537 :: 		
0x026F	0x1303      	BCF        STATUS, 6
;__Lib_MathDouble.c,1539 :: 		
0x0270	0x01FB      	CLRF       R11
;__Lib_MathDouble.c,1540 :: 		
0x0271	0x01FC      	CLRF       R12
;__Lib_MathDouble.c,1541 :: 		
0x0272	0x01FA      	CLRF       R10
;__Lib_MathDouble.c,1543 :: 		
0x0273	0x0873      	MOVF       R3, 0
;__Lib_MathDouble.c,1544 :: 		
0x0274	0x1903      	BTFSC      STATUS, 2
;__Lib_MathDouble.c,1545 :: 		
0x0275	0x2AAD      	GOTO       IRES016U
;__Lib_MathDouble.c,1547 :: 		
0x0276	0x17F2      	BSF        R2, 7
;__Lib_MathDouble.c,1549 :: 		
0x0277	0x308E      	MOVLW      142
;__Lib_MathDouble.c,1550 :: 		
0x0278	0x02F3      	SUBWF      R3, 1
;__Lib_MathDouble.c,1551 :: 		
0x0279	0x1BF3      	BTFSC      R3, 7
;__Lib_MathDouble.c,1552 :: 		
0x027A	0x2A7E      	GOTO       SETEXP16U
;__Lib_MathDouble.c,1553 :: 		
0x027B	0x1903      	BTFSC      STATUS, 2
;__Lib_MathDouble.c,1554 :: 		
0x027C	0x2A7E      	GOTO       SETEXP16U
;__Lib_MathDouble.c,1555 :: 		
0x027D	0x2AB0      	GOTO       SETIOV16U
;__Lib_MathDouble.c,1556 :: 		
SETEXP16U:
;__Lib_MathDouble.c,1557 :: 		
0x027E	0x09F3      	COMF       R3, 1
;__Lib_MathDouble.c,1558 :: 		
0x027F	0x0AF3      	INCF       R3, 1
;__Lib_MathDouble.c,1560 :: 		
0x0280	0x3008      	MOVLW      8
;__Lib_MathDouble.c,1561 :: 		
0x0281	0x0273      	SUBWF      R3, 0
;__Lib_MathDouble.c,1562 :: 		
0x0282	0x1C03      	BTFSS      STATUS, 0
;__Lib_MathDouble.c,1563 :: 		
0x0283	0x2A93      	GOTO       TSHIFT3216U
;__Lib_MathDouble.c,1564 :: 		
0x0284	0x00F3      	MOVWF      R3
;__Lib_MathDouble.c,1565 :: 		
0x0285	0x0DF1      	RLF        R1, 1
;__Lib_MathDouble.c,1566 :: 		
0x0286	0x0872      	MOVF       R2, 0
;__Lib_MathDouble.c,1567 :: 		
0x0287	0x00F1      	MOVWF      R1
;__Lib_MathDouble.c,1568 :: 		
0x0288	0x01F2      	CLRF       R2
;__Lib_MathDouble.c,1570 :: 		
0x0289	0x3008      	MOVLW      8
;__Lib_MathDouble.c,1571 :: 		
0x028A	0x0273      	SUBWF      R3, 0
;__Lib_MathDouble.c,1572 :: 		
0x028B	0x1C03      	BTFSS      STATUS, 0
;__Lib_MathDouble.c,1573 :: 		
0x028C	0x2A93      	GOTO       TSHIFT3216U
;__Lib_MathDouble.c,1574 :: 		
0x028D	0x0DF1      	RLF        R1, 1
;__Lib_MathDouble.c,1575 :: 		
0x028E	0x01F1      	CLRF       R1
;__Lib_MathDouble.c,1577 :: 		
0x028F	0x0873      	MOVF       R3, 0
;__Lib_MathDouble.c,1578 :: 		
0x0290	0x1D03      	BTFSS      STATUS, 2
;__Lib_MathDouble.c,1579 :: 		
0x0291	0x1003      	BCF        STATUS, 0
;__Lib_MathDouble.c,1580 :: 		
0x0292	0x2A9B      	GOTO       SHIFT3216UOK
;__Lib_MathDouble.c,1581 :: 		
TSHIFT3216U:
;__Lib_MathDouble.c,1582 :: 		
0x0293	0x0873      	MOVF       R3, 0
;__Lib_MathDouble.c,1583 :: 		
0x0294	0x1903      	BTFSC      STATUS, 2
;__Lib_MathDouble.c,1584 :: 		
0x0295	0x2A9B      	GOTO       SHIFT3216UOK
;__Lib_MathDouble.c,1585 :: 		
SHIFT3216U:
;__Lib_MathDouble.c,1586 :: 		
0x0296	0x1003      	BCF        STATUS, 0
;__Lib_MathDouble.c,1587 :: 		
0x0297	0x0CF2      	RRF        R2, 1
;__Lib_MathDouble.c,1588 :: 		
0x0298	0x0CF1      	RRF        R1, 1
;__Lib_MathDouble.c,1589 :: 		
0x0299	0x0BF3      	DECFSZ     R3, 1
;__Lib_MathDouble.c,1590 :: 		
0x029A	0x2A96      	GOTO       SHIFT3216U
;__Lib_MathDouble.c,1591 :: 		
SHIFT3216UOK:
;__Lib_MathDouble.c,1592 :: 		
0x029B	0x1B7B      	BTFSC      R11, 6
;__Lib_MathDouble.c,1593 :: 		
0x029C	0x1C71      	BTFSS      R1, 0
;__Lib_MathDouble.c,1594 :: 		
0x029D	0x2AA5      	GOTO       INT3216UOK
;__Lib_MathDouble.c,1595 :: 		
0x029E	0x1C03      	BTFSS      STATUS, 0
;__Lib_MathDouble.c,1596 :: 		
0x029F	0x2AA5      	GOTO       INT3216UOK
;__Lib_MathDouble.c,1597 :: 		
0x02A0	0x0AF1      	INCF       R1, 1
;__Lib_MathDouble.c,1598 :: 		
0x02A1	0x1903      	BTFSC      STATUS, 2
;__Lib_MathDouble.c,1599 :: 		
0x02A2	0x0AF2      	INCF       R2, 1
;__Lib_MathDouble.c,1600 :: 		
0x02A3	0x1BF2      	BTFSC      R2, 7
;__Lib_MathDouble.c,1601 :: 		
0x02A4	0x2ABC      	GOTO       JPKSETIOV3224
;__Lib_MathDouble.c,1602 :: 		
INT3216UOK:
;__Lib_MathDouble.c,1603 :: 		
0x02A5	0x1FFA      	BTFSS      R10, 7
;__Lib_MathDouble.c,1604 :: 		
0x02A6	0x2ABF      	GOTO       INT3216UEOK
;__Lib_MathDouble.c,1606 :: 		
0x02A7	0x09F2      	COMF       R2, 1
;__Lib_MathDouble.c,1607 :: 		
0x02A8	0x09F1      	COMF       R1, 1
;__Lib_MathDouble.c,1608 :: 		
0x02A9	0x0AF1      	INCF       R1, 1
;__Lib_MathDouble.c,1609 :: 		
0x02AA	0x1903      	BTFSC      STATUS, 2
;__Lib_MathDouble.c,1610 :: 		
0x02AB	0x0AF2      	INCF       R2, 1
;__Lib_MathDouble.c,1611 :: 		
0x02AC	0x2ABF      	GOTO       INT3216UEOK
;__Lib_MathDouble.c,1613 :: 		
IRES016U:
;__Lib_MathDouble.c,1614 :: 		
0x02AD	0x01F2      	CLRF       R2
;__Lib_MathDouble.c,1615 :: 		
0x02AE	0x01F1      	CLRF       R1
;__Lib_MathDouble.c,1616 :: 		
0x02AF	0x2ABF      	GOTO       INT3216UEOK
;__Lib_MathDouble.c,1617 :: 		
SETIOV16U:
;__Lib_MathDouble.c,1618 :: 		
0x02B0	0x147B      	BSF        R11, 0
;__Lib_MathDouble.c,1619 :: 		
0x02B1	0x1FFB      	BTFSS      R11, 7
;__Lib_MathDouble.c,1620 :: 		
0x02B2	0x2AC2      	GOTO       INT3216UEER
;__Lib_MathDouble.c,1622 :: 		
0x02B3	0x01F2      	CLRF       R2
;__Lib_MathDouble.c,1623 :: 		
0x02B4	0x1FFA      	BTFSS      R10, 7
;__Lib_MathDouble.c,1624 :: 		
0x02B5	0x2AC2      	GOTO       INT3216UEER
;__Lib_MathDouble.c,1625 :: 		
0x02B6	0x30FF      	MOVLW      255
;__Lib_MathDouble.c,1626 :: 		
0x02B7	0x00F2      	MOVWF      R2
;__Lib_MathDouble.c,1627 :: 		
0x02B8	0x00F1      	MOVWF      R1
;__Lib_MathDouble.c,1628 :: 		
0x02B9	0x0DFA      	RLF        R10, 1
;__Lib_MathDouble.c,1629 :: 		
0x02BA	0x0CF2      	RRF        R2, 1
;__Lib_MathDouble.c,1630 :: 		
0x02BB	0x2AC2      	GOTO       INT3216UEER
;__Lib_MathDouble.c,1632 :: 		
JPKSETIOV3224:
;__Lib_MathDouble.c,1633 :: 		
0x02BC	0x3001      	MOVLW      1
;__Lib_MathDouble.c,1634 :: 		
0x02BD	0x00FC      	MOVWF      R12
;__Lib_MathDouble.c,1635 :: 		
0x02BE	0x2AC4      	GOTO       INT3216UEEE
;__Lib_MathDouble.c,1636 :: 		
INT3216UEOK:
;__Lib_MathDouble.c,1637 :: 		
0x02BF	0x3000      	MOVLW      0
;__Lib_MathDouble.c,1638 :: 		
0x02C0	0x00FC      	MOVWF      R12
;__Lib_MathDouble.c,1639 :: 		
0x02C1	0x2AC4      	GOTO       INT3216UEEE
;__Lib_MathDouble.c,1640 :: 		
INT3216UEER:
;__Lib_MathDouble.c,1641 :: 		
0x02C2	0x30FF      	MOVLW      255
;__Lib_MathDouble.c,1642 :: 		
0x02C3	0x00FC      	MOVWF      R12
;__Lib_MathDouble.c,1643 :: 		
INT3216UEEE:
;__Lib_MathDouble.c,1646 :: 		
0x02C4	0x08FC      	MOVF       R12, 1
;__Lib_MathDouble.c,1648 :: 		
0x02C5	0x1903      	BTFSC      STATUS, 2
;__Lib_MathDouble.c,1649 :: 		
0x02C6	0x2AC8      	GOTO       L_Double2Word_0
;__Lib_MathDouble.c,1651 :: 		
0x02C7	0x2124      	CALL       _SETIOV3224
;__Lib_MathDouble.c,1653 :: 		
L_Double2Word_0:
;__Lib_MathDouble.c,1654 :: 		
0x02C8	0x0871      	MOVF       R1, 0
;__Lib_MathDouble.c,1655 :: 		
0x02C9	0x00F0      	MOVWF      R0
;__Lib_MathDouble.c,1656 :: 		
0x02CA	0x0872      	MOVF       R2, 0
;__Lib_MathDouble.c,1657 :: 		
0x02CB	0x00F1      	MOVWF      R1
;__Lib_MathDouble.c,1660 :: 		
L_end_double2word:
0x02CC	0x0008      	RETURN
; end of _double2word
_word2double:
;__Lib_MathDouble.c,1862 :: 		
;__Lib_MathDouble.c,1868 :: 		
0x02CD	0x1283      	BCF        STATUS, 5
;__Lib_MathDouble.c,1869 :: 		
0x02CE	0x1303      	BCF        STATUS, 6
;__Lib_MathDouble.c,1870 :: 		
0x02CF	0x0870      	MOVF       R0, 0
;__Lib_MathDouble.c,1871 :: 		
0x02D0	0x00F8      	MOVWF      R8
;__Lib_MathDouble.c,1872 :: 		
0x02D1	0x0871      	MOVF       R1, 0
;__Lib_MathDouble.c,1873 :: 		
0x02D2	0x00F0      	MOVWF      R0
;__Lib_MathDouble.c,1874 :: 		
0x02D3	0x01F1      	CLRF       R1
;__Lib_MathDouble.c,1875 :: 		
0x02D4	0x01F2      	CLRF       R2
;__Lib_MathDouble.c,1876 :: 		
0x02D5	0x01F3      	CLRF       R3
;__Lib_MathDouble.c,1879 :: 		
0x02D6	0x01FB      	CLRF       R11
;__Lib_MathDouble.c,1880 :: 		
0x02D7	0x01FC      	CLRF       R12
;__Lib_MathDouble.c,1882 :: 		
0x02D8	0x3096      	MOVLW      150
;__Lib_MathDouble.c,1883 :: 		
0x02D9	0x00F3      	MOVWF      R3
;__Lib_MathDouble.c,1884 :: 		
0x02DA	0x01FA      	CLRF       R10
;__Lib_MathDouble.c,1886 :: 		
0x02DB	0x0870      	MOVF       R0, 0
;__Lib_MathDouble.c,1887 :: 		
0x02DC	0x00F1      	MOVWF      R1
;__Lib_MathDouble.c,1888 :: 		
0x02DD	0x0878      	MOVF       R8, 0
;__Lib_MathDouble.c,1889 :: 		
0x02DE	0x00F0      	MOVWF      R0
;__Lib_MathDouble.c,1890 :: 		
0x02DF	0x01F8      	CLRF       R8
;__Lib_MathDouble.c,1891 :: 		
0x02E0	0x01F2      	CLRF       R2
;__Lib_MathDouble.c,1893 :: 		
0x02E1	0x20F5      	CALL       _NRM3232
;__Lib_MathDouble.c,1894 :: 		
L_end_word2double:
0x02E2	0x0008      	RETURN
; end of _word2double
_IntToStr:
;__Lib_Conversions.c,195 :: 		
;__Lib_Conversions.c,201 :: 		
0x02E3	0x1283      	BCF        STATUS, 5
0x02E4	0x1303      	BCF        STATUS, 6
0x02E5	0x01D1      	CLRF       IntToStr_negative_L0
0x02E6	0x01D2      	CLRF       IntToStr_negative_L0+1
;__Lib_Conversions.c,202 :: 		
0x02E7	0x084C      	MOVF       FARG_IntToStr_input, 0
0x02E8	0x00D3      	MOVWF      IntToStr_inword_L0
0x02E9	0x084D      	MOVF       FARG_IntToStr_input+1, 0
0x02EA	0x00D4      	MOVWF      IntToStr_inword_L0+1
;__Lib_Conversions.c,203 :: 		
0x02EB	0x3080      	MOVLW      128
0x02EC	0x064D      	XORWF      FARG_IntToStr_input+1, 0
0x02ED	0x00F0      	MOVWF      R0
0x02EE	0x3080      	MOVLW      128
0x02EF	0x0270      	SUBWF      R0, 0
0x02F0	0x1D03      	BTFSS      STATUS, 2
0x02F1	0x2AF4      	GOTO       L__IntToStr167
0x02F2	0x3000      	MOVLW      0
0x02F3	0x024C      	SUBWF      FARG_IntToStr_input, 0
L__IntToStr167:
0x02F4	0x1803      	BTFSC      STATUS, 0
0x02F5	0x2B02      	GOTO       L_IntToStr37
;__Lib_Conversions.c,204 :: 		
0x02F6	0x3001      	MOVLW      1
0x02F7	0x00D1      	MOVWF      IntToStr_negative_L0
0x02F8	0x3000      	MOVLW      0
0x02F9	0x00D2      	MOVWF      IntToStr_negative_L0+1
;__Lib_Conversions.c,205 :: 		
0x02FA	0x084C      	MOVF       FARG_IntToStr_input, 0
0x02FB	0x3C00      	SUBLW      0
0x02FC	0x00D3      	MOVWF      IntToStr_inword_L0
0x02FD	0x084D      	MOVF       FARG_IntToStr_input+1, 0
0x02FE	0x1C03      	BTFSS      STATUS, 0
0x02FF	0x3E01      	ADDLW      1
0x0300	0x01D4      	CLRF       IntToStr_inword_L0+1
0x0301	0x02D4      	SUBWF      IntToStr_inword_L0+1, 1
;__Lib_Conversions.c,206 :: 		
L_IntToStr37:
;__Lib_Conversions.c,207 :: 		
0x0302	0x0853      	MOVF       IntToStr_inword_L0, 0
0x0303	0x00D5      	MOVWF      FARG_WordToStr_input
0x0304	0x0854      	MOVF       IntToStr_inword_L0+1, 0
0x0305	0x00D6      	MOVWF      FARG_WordToStr_input+1
0x0306	0x084E      	MOVF       FARG_IntToStr_output, 0
0x0307	0x00D7      	MOVWF      FARG_WordToStr_output
0x0308	0x218E      	CALL       _WordToStr
;__Lib_Conversions.c,209 :: 		
0x0309	0x3006      	MOVLW      6
0x030A	0x00CF      	MOVWF      IntToStr_i_L0
0x030B	0x3000      	MOVLW      0
0x030C	0x00D0      	MOVWF      IntToStr_i_L0+1
;__Lib_Conversions.c,210 :: 		
L_IntToStr38:
0x030D	0x0850      	MOVF       IntToStr_i_L0+1, 0
0x030E	0x3C00      	SUBLW      0
0x030F	0x1D03      	BTFSS      STATUS, 2
0x0310	0x2B13      	GOTO       L__IntToStr168
0x0311	0x084F      	MOVF       IntToStr_i_L0, 0
0x0312	0x3C00      	SUBLW      0
L__IntToStr168:
0x0313	0x1803      	BTFSC      STATUS, 0
0x0314	0x2B2E      	GOTO       L_IntToStr39
;__Lib_Conversions.c,211 :: 		
0x0315	0x084F      	MOVF       IntToStr_i_L0, 0
0x0316	0x074E      	ADDWF      FARG_IntToStr_output, 0
0x0317	0x00F2      	MOVWF      R2
0x0318	0x3001      	MOVLW      1
0x0319	0x024F      	SUBWF      IntToStr_i_L0, 0
0x031A	0x00F0      	MOVWF      R0
0x031B	0x3000      	MOVLW      0
0x031C	0x1C03      	BTFSS      STATUS, 0
0x031D	0x3E01      	ADDLW      1
0x031E	0x0250      	SUBWF      IntToStr_i_L0+1, 0
0x031F	0x00F1      	MOVWF      R0+1
0x0320	0x0870      	MOVF       R0, 0
0x0321	0x074E      	ADDWF      FARG_IntToStr_output, 0
0x0322	0x0084      	MOVWF      FSR
0x0323	0x0800      	MOVF       INDF, 0
0x0324	0x00F0      	MOVWF      R0
0x0325	0x0872      	MOVF       R2, 0
0x0326	0x0084      	MOVWF      FSR
0x0327	0x0870      	MOVF       R0, 0
0x0328	0x0080      	MOVWF      INDF
;__Lib_Conversions.c,212 :: 		
0x0329	0x3001      	MOVLW      1
0x032A	0x02CF      	SUBWF      IntToStr_i_L0, 1
0x032B	0x1C03      	BTFSS      STATUS, 0
0x032C	0x03D0      	DECF       IntToStr_i_L0+1, 1
;__Lib_Conversions.c,213 :: 		
0x032D	0x2B0D      	GOTO       L_IntToStr38
L_IntToStr39:
;__Lib_Conversions.c,214 :: 		
0x032E	0x084E      	MOVF       FARG_IntToStr_output, 0
0x032F	0x0084      	MOVWF      FSR
0x0330	0x3020      	MOVLW      32
0x0331	0x0080      	MOVWF      INDF
;__Lib_Conversions.c,215 :: 		
0x0332	0x0851      	MOVF       IntToStr_negative_L0, 0
0x0333	0x0452      	IORWF      IntToStr_negative_L0+1, 0
0x0334	0x1903      	BTFSC      STATUS, 2
0x0335	0x2B4C      	GOTO       L_IntToStr40
;__Lib_Conversions.c,216 :: 		
0x0336	0x01CF      	CLRF       IntToStr_i_L0
0x0337	0x01D0      	CLRF       IntToStr_i_L0+1
;__Lib_Conversions.c,217 :: 		
L_IntToStr41:
0x0338	0x084F      	MOVF       IntToStr_i_L0, 0
0x0339	0x074E      	ADDWF      FARG_IntToStr_output, 0
0x033A	0x0084      	MOVWF      FSR
0x033B	0x0800      	MOVF       INDF, 0
0x033C	0x3A20      	XORLW      32
0x033D	0x1D03      	BTFSS      STATUS, 2
0x033E	0x2B43      	GOTO       L_IntToStr42
0x033F	0x0ACF      	INCF       IntToStr_i_L0, 1
0x0340	0x1903      	BTFSC      STATUS, 2
0x0341	0x0AD0      	INCF       IntToStr_i_L0+1, 1
0x0342	0x2B38      	GOTO       L_IntToStr41
L_IntToStr42:
;__Lib_Conversions.c,218 :: 		
0x0343	0x3001      	MOVLW      1
0x0344	0x02CF      	SUBWF      IntToStr_i_L0, 1
0x0345	0x1C03      	BTFSS      STATUS, 0
0x0346	0x03D0      	DECF       IntToStr_i_L0+1, 1
;__Lib_Conversions.c,219 :: 		
0x0347	0x084F      	MOVF       IntToStr_i_L0, 0
0x0348	0x074E      	ADDWF      FARG_IntToStr_output, 0
0x0349	0x0084      	MOVWF      FSR
0x034A	0x302D      	MOVLW      45
0x034B	0x0080      	MOVWF      INDF
L_IntToStr40:
;__Lib_Conversions.c,220 :: 		
L_end_IntToStr:
0x034C	0x0008      	RETURN
; end of _IntToStr
_Lcd_Out:
;__Lib_Lcd.c,184 :: 		
;__Lib_Lcd.c,187 :: 		
0x034D	0x2B5F      	GOTO       L_Lcd_Out11
;__Lib_Lcd.c,188 :: 		
L_Lcd_Out13:
0x034E	0x3080      	MOVLW      128
0x034F	0x1283      	BCF        STATUS, 5
0x0350	0x1303      	BCF        STATUS, 6
0x0351	0x00CC      	MOVWF      FARG_Lcd_Out_row
0x0352	0x2B72      	GOTO       L_Lcd_Out12
;__Lib_Lcd.c,189 :: 		
L_Lcd_Out14:
0x0353	0x30C0      	MOVLW      192
0x0354	0x00CC      	MOVWF      FARG_Lcd_Out_row
0x0355	0x2B72      	GOTO       L_Lcd_Out12
;__Lib_Lcd.c,190 :: 		
L_Lcd_Out15:
0x0356	0x3094      	MOVLW      148
0x0357	0x00CC      	MOVWF      FARG_Lcd_Out_row
0x0358	0x2B72      	GOTO       L_Lcd_Out12
;__Lib_Lcd.c,191 :: 		
L_Lcd_Out16:
0x0359	0x30D4      	MOVLW      212
0x035A	0x00CC      	MOVWF      FARG_Lcd_Out_row
0x035B	0x2B72      	GOTO       L_Lcd_Out12
;__Lib_Lcd.c,192 :: 		
L_Lcd_Out17:
0x035C	0x3080      	MOVLW      128
0x035D	0x00CC      	MOVWF      FARG_Lcd_Out_row
;__Lib_Lcd.c,193 :: 		
0x035E	0x2B72      	GOTO       L_Lcd_Out12
L_Lcd_Out11:
0x035F	0x1283      	BCF        STATUS, 5
0x0360	0x1303      	BCF        STATUS, 6
0x0361	0x084C      	MOVF       FARG_Lcd_Out_row, 0
0x0362	0x3A01      	XORLW      1
0x0363	0x1903      	BTFSC      STATUS, 2
0x0364	0x2B4E      	GOTO       L_Lcd_Out13
0x0365	0x084C      	MOVF       FARG_Lcd_Out_row, 0
0x0366	0x3A02      	XORLW      2
0x0367	0x1903      	BTFSC      STATUS, 2
0x0368	0x2B53      	GOTO       L_Lcd_Out14
0x0369	0x084C      	MOVF       FARG_Lcd_Out_row, 0
0x036A	0x3A03      	XORLW      3
0x036B	0x1903      	BTFSC      STATUS, 2
0x036C	0x2B56      	GOTO       L_Lcd_Out15
0x036D	0x084C      	MOVF       FARG_Lcd_Out_row, 0
0x036E	0x3A04      	XORLW      4
0x036F	0x1903      	BTFSC      STATUS, 2
0x0370	0x2B59      	GOTO       L_Lcd_Out16
0x0371	0x2B5C      	GOTO       L_Lcd_Out17
L_Lcd_Out12:
;__Lib_Lcd.c,194 :: 		
0x0372	0x034D      	DECF       FARG_Lcd_Out_column, 0
0x0373	0x00F0      	MOVWF      R0
0x0374	0x084C      	MOVF       FARG_Lcd_Out_row, 0
0x0375	0x07F0      	ADDWF      R0, 1
0x0376	0x0870      	MOVF       R0, 0
0x0377	0x00CC      	MOVWF      FARG_Lcd_Out_row
;__Lib_Lcd.c,196 :: 		
0x0378	0x0870      	MOVF       R0, 0
0x0379	0x00DA      	MOVWF      FARG_Lcd_Cmd_out_char
0x037A	0x206A      	CALL       _Lcd_Cmd
;__Lib_Lcd.c,197 :: 		
0x037B	0x1046      	BCF        __Lib_Lcd_cmd_status, BitPos(__Lib_Lcd_cmd_status+0)
;__Lib_Lcd.c,198 :: 		
0x037C	0x01CF      	CLRF       Lcd_Out_i_L0
;__Lib_Lcd.c,199 :: 		
L_Lcd_Out18:
0x037D	0x084F      	MOVF       Lcd_Out_i_L0, 0
0x037E	0x074E      	ADDWF      FARG_Lcd_Out_text, 0
0x037F	0x0084      	MOVWF      FSR
0x0380	0x0800      	MOVF       INDF, 0
0x0381	0x1903      	BTFSC      STATUS, 2
0x0382	0x2B8B      	GOTO       L_Lcd_Out19
;__Lib_Lcd.c,200 :: 		
0x0383	0x084F      	MOVF       Lcd_Out_i_L0, 0
0x0384	0x074E      	ADDWF      FARG_Lcd_Out_text, 0
0x0385	0x0084      	MOVWF      FSR
0x0386	0x0800      	MOVF       INDF, 0
0x0387	0x00D5      	MOVWF      FARG_Lcd_Chr_CP_out_char
0x0388	0x20E6      	CALL       _Lcd_Chr_CP
0x0389	0x0ACF      	INCF       Lcd_Out_i_L0, 1
0x038A	0x2B7D      	GOTO       L_Lcd_Out18
L_Lcd_Out19:
;__Lib_Lcd.c,201 :: 		
0x038B	0x1446      	BSF        __Lib_Lcd_cmd_status, BitPos(__Lib_Lcd_cmd_status+0)
;__Lib_Lcd.c,202 :: 		
L_end_Lcd_Out:
0x038C	0x0008      	RETURN
; end of _Lcd_Out
_Div_32x32_FP:
;__Lib_MathDouble.c,761 :: 		
;__Lib_MathDouble.c,773 :: 		
;__Lib_MathDouble.c,776 :: 		
0x038D	0x1283      	BCF        STATUS, 5
0x038E	0x1303      	BCF        STATUS, 6
0x038F	0x0874      	MOVF       R4, 0
0x0390	0x3A00      	XORLW      0
0x0391	0x1D03      	BTFSS      STATUS, 2
0x0392	0x2BA8      	GOTO       L_Div_32x32_FP7
;__Lib_MathDouble.c,777 :: 		
0x0393	0x0875      	MOVF       R5, 0
0x0394	0x3A00      	XORLW      0
0x0395	0x1D03      	BTFSS      STATUS, 2
0x0396	0x2BA8      	GOTO       L_Div_32x32_FP8
;__Lib_MathDouble.c,778 :: 		
0x0397	0x0876      	MOVF       R6, 0
0x0398	0x3A00      	XORLW      0
0x0399	0x1D03      	BTFSS      STATUS, 2
0x039A	0x2BA8      	GOTO       L_Div_32x32_FP9
;__Lib_MathDouble.c,779 :: 		
0x039B	0x0877      	MOVF       R7, 0
0x039C	0x3A00      	XORLW      0
0x039D	0x1D03      	BTFSS      STATUS, 2
0x039E	0x2BA8      	GOTO       L_Div_32x32_FP10
;__Lib_MathDouble.c,780 :: 		
0x039F	0x30FF      	MOVLW      255
0x03A0	0x00F0      	MOVWF      R0
;__Lib_MathDouble.c,781 :: 		
0x03A1	0x30FF      	MOVLW      255
0x03A2	0x00F1      	MOVWF      R1
;__Lib_MathDouble.c,782 :: 		
0x03A3	0x307F      	MOVLW      127
0x03A4	0x00F2      	MOVWF      R2
;__Lib_MathDouble.c,783 :: 		
0x03A5	0x30FF      	MOVLW      255
0x03A6	0x00F3      	MOVWF      R3
;__Lib_MathDouble.c,784 :: 		
0x03A7	0x2C43      	GOTO       L_end_Div_32x32_FP
;__Lib_MathDouble.c,785 :: 		
L_Div_32x32_FP10:
L_Div_32x32_FP9:
L_Div_32x32_FP8:
L_Div_32x32_FP7:
;__Lib_MathDouble.c,788 :: 		
0x03A8	0x1283      	BCF        STATUS, 5
;__Lib_MathDouble.c,789 :: 		
0x03A9	0x1303      	BCF        STATUS, 6
;__Lib_MathDouble.c,791 :: 		
0x03AA	0x0877      	MOVF       R7, 0
;__Lib_MathDouble.c,792 :: 		
0x03AB	0x1903      	BTFSC      STATUS, 2
;__Lib_MathDouble.c,793 :: 		
0x03AC	0x2C37      	GOTO       JPDSETFDZ32
;__Lib_MathDouble.c,795 :: 		
0x03AD	0x0873      	MOVF       R3, 0
;__Lib_MathDouble.c,796 :: 		
0x03AE	0x1903      	BTFSC      STATUS, 2
;__Lib_MathDouble.c,797 :: 		
0x03AF	0x2C3A      	GOTO       JPDRES032
;__Lib_MathDouble.c,799 :: 		
0x03B0	0x0872      	MOVF       R2, 0
;__Lib_MathDouble.c,800 :: 		
0x03B1	0x0676      	XORWF      R6, 0
;__Lib_MathDouble.c,801 :: 		
0x03B2	0x3980      	ANDLW      128
;__Lib_MathDouble.c,802 :: 		
0x03B3	0x00FA      	MOVWF      R10
;__Lib_MathDouble.c,803 :: 		
0x03B4	0x17F2      	BSF        R2, 7
;__Lib_MathDouble.c,804 :: 		
0x03B5	0x17F6      	BSF        R6, 7
;__Lib_MathDouble.c,806 :: 		
0x03B6	0x01A0      	CLRF       __math_tempbD
;__Lib_MathDouble.c,807 :: 		
0x03B7	0x0872      	MOVF       R2, 0
;__Lib_MathDouble.c,808 :: 		
0x03B8	0x00F8      	MOVWF      R8
;__Lib_MathDouble.c,809 :: 		
0x03B9	0x0871      	MOVF       R1, 0
;__Lib_MathDouble.c,810 :: 		
0x03BA	0x00FC      	MOVWF      R12
;__Lib_MathDouble.c,811 :: 		
0x03BB	0x0870      	MOVF       R0, 0
;__Lib_MathDouble.c,812 :: 		
0x03BC	0x00FD      	MOVWF      R13
;__Lib_MathDouble.c,814 :: 		
0x03BD	0x0874      	MOVF       R4, 0
;__Lib_MathDouble.c,815 :: 		
0x03BE	0x02FD      	SUBWF      R13, 1
;__Lib_MathDouble.c,816 :: 		
0x03BF	0x0875      	MOVF       R5, 0
;__Lib_MathDouble.c,817 :: 		
0x03C0	0x1C03      	BTFSS      STATUS, 0
;__Lib_MathDouble.c,818 :: 		
0x03C1	0x0F75      	INCFSZ     R5, 0
;__Lib_MathDouble.c,820 :: 		
0x03C2	0x02FC      	SUBWF      R12, 1
;__Lib_MathDouble.c,821 :: 		
0x03C3	0x0876      	MOVF       R6, 0
;__Lib_MathDouble.c,822 :: 		
0x03C4	0x1C03      	BTFSS      STATUS, 0
;__Lib_MathDouble.c,823 :: 		
0x03C5	0x0F76      	INCFSZ     R6, 0
;__Lib_MathDouble.c,825 :: 		
0x03C6	0x02F8      	SUBWF      R8, 1
;__Lib_MathDouble.c,826 :: 		
0x03C7	0x01F8      	CLRF       R8
;__Lib_MathDouble.c,827 :: 		
0x03C8	0x01FC      	CLRF       R12
;__Lib_MathDouble.c,828 :: 		
0x03C9	0x01FD      	CLRF       R13
;__Lib_MathDouble.c,829 :: 		
0x03CA	0x1C03      	BTFSS      STATUS, 0
;__Lib_MathDouble.c,830 :: 		
0x03CB	0x2BD3      	GOTO       DALIGN32OK
;__Lib_MathDouble.c,832 :: 		
0x03CC	0x1003      	BCF        STATUS, 0
;__Lib_MathDouble.c,833 :: 		
0x03CD	0x0CF2      	RRF        R2, 1
;__Lib_MathDouble.c,834 :: 		
0x03CE	0x0CF1      	RRF        R1, 1
;__Lib_MathDouble.c,835 :: 		
0x03CF	0x0CF0      	RRF        R0, 1
;__Lib_MathDouble.c,836 :: 		
0x03D0	0x0CF8      	RRF        R8, 1
;__Lib_MathDouble.c,837 :: 		
0x03D1	0x3001      	MOVLW      1
;__Lib_MathDouble.c,838 :: 		
0x03D2	0x00A0      	MOVWF      __math_tempbD
;__Lib_MathDouble.c,839 :: 		
DALIGN32OK:
;__Lib_MathDouble.c,840 :: 		
0x03D3	0x0877      	MOVF       R7, 0
;__Lib_MathDouble.c,841 :: 		
0x03D4	0x02F3      	SUBWF      R3, 1
;__Lib_MathDouble.c,842 :: 		
0x03D5	0x1C03      	BTFSS      STATUS, 0
;__Lib_MathDouble.c,843 :: 		
0x03D6	0x2BDD      	GOTO       ALTB32
;__Lib_MathDouble.c,845 :: 		
0x03D7	0x307E      	MOVLW      126
;__Lib_MathDouble.c,846 :: 		
0x03D8	0x0720      	ADDWF      __math_tempbD, 0
;__Lib_MathDouble.c,847 :: 		
0x03D9	0x07F3      	ADDWF      R3, 1
;__Lib_MathDouble.c,848 :: 		
0x03DA	0x1803      	BTFSC      STATUS, 0
;__Lib_MathDouble.c,849 :: 		
0x03DB	0x2C3D      	GOTO       JPDSETFOV32
;__Lib_MathDouble.c,850 :: 		
0x03DC	0x2BE2      	GOTO       DARGOK32
;__Lib_MathDouble.c,851 :: 		
ALTB32:
;__Lib_MathDouble.c,852 :: 		
0x03DD	0x307E      	MOVLW      126
;__Lib_MathDouble.c,853 :: 		
0x03DE	0x0720      	ADDWF      __math_tempbD, 0
;__Lib_MathDouble.c,854 :: 		
0x03DF	0x07F3      	ADDWF      R3, 1
;__Lib_MathDouble.c,855 :: 		
0x03E0	0x1C03      	BTFSS      STATUS, 0
;__Lib_MathDouble.c,856 :: 		
0x03E1	0x2C40      	GOTO       JPDSETFUN32
;__Lib_MathDouble.c,857 :: 		
DARGOK32:
;__Lib_MathDouble.c,858 :: 		
0x03E2	0x3018      	MOVLW      24
;__Lib_MathDouble.c,860 :: 		
0x03E3	0x07FA      	ADDWF      R10, 1
;__Lib_MathDouble.c,861 :: 		
DLOOP32:
;__Lib_MathDouble.c,862 :: 		
0x03E4	0x0DFD      	RLF        R13, 1
;__Lib_MathDouble.c,863 :: 		
0x03E5	0x0DFC      	RLF        R12, 1
;__Lib_MathDouble.c,864 :: 		
0x03E6	0x0DF8      	RLF        R8, 1
;__Lib_MathDouble.c,865 :: 		
0x03E7	0x0DF0      	RLF        R0, 1
;__Lib_MathDouble.c,866 :: 		
0x03E8	0x0DF1      	RLF        R1, 1
;__Lib_MathDouble.c,867 :: 		
0x03E9	0x0DF2      	RLF        R2, 1
;__Lib_MathDouble.c,868 :: 		
0x03EA	0x0DA0      	RLF        __math_tempbD, 1
;__Lib_MathDouble.c,870 :: 		
0x03EB	0x0874      	MOVF       R4, 0
;__Lib_MathDouble.c,871 :: 		
0x03EC	0x02F0      	SUBWF      R0, 1
;__Lib_MathDouble.c,872 :: 		
0x03ED	0x0875      	MOVF       R5, 0
;__Lib_MathDouble.c,873 :: 		
0x03EE	0x1C03      	BTFSS      STATUS, 0
;__Lib_MathDouble.c,874 :: 		
0x03EF	0x0F75      	INCFSZ     R5, 0
;__Lib_MathDouble.c,876 :: 		
0x03F0	0x02F1      	SUBWF      R1, 1
;__Lib_MathDouble.c,877 :: 		
0x03F1	0x0876      	MOVF       R6, 0
;__Lib_MathDouble.c,878 :: 		
0x03F2	0x1C03      	BTFSS      STATUS, 0
;__Lib_MathDouble.c,879 :: 		
0x03F3	0x0F76      	INCFSZ     R6, 0
;__Lib_MathDouble.c,881 :: 		
0x03F4	0x02F2      	SUBWF      R2, 1
;__Lib_MathDouble.c,882 :: 		
0x03F5	0x0D76      	RLF        R6, 0
;__Lib_MathDouble.c,883 :: 		
0x03F6	0x04A0      	IORWF      __math_tempbD, 1
;__Lib_MathDouble.c,884 :: 		
0x03F7	0x1C20      	BTFSS      __math_tempbD, 0
;__Lib_MathDouble.c,885 :: 		
0x03F8	0x2BFB      	GOTO       DREST32
;__Lib_MathDouble.c,886 :: 		
0x03F9	0x147D      	BSF        R13, 0
;__Lib_MathDouble.c,887 :: 		
0x03FA	0x2C06      	GOTO       DOK32
;__Lib_MathDouble.c,888 :: 		
DREST32:
;__Lib_MathDouble.c,889 :: 		
0x03FB	0x0874      	MOVF       R4, 0
;__Lib_MathDouble.c,890 :: 		
0x03FC	0x07F0      	ADDWF      R0, 1
;__Lib_MathDouble.c,891 :: 		
0x03FD	0x0875      	MOVF       R5, 0
;__Lib_MathDouble.c,892 :: 		
0x03FE	0x1803      	BTFSC      STATUS, 0
;__Lib_MathDouble.c,893 :: 		
0x03FF	0x0F75      	INCFSZ     R5, 0
;__Lib_MathDouble.c,895 :: 		
0x0400	0x07F1      	ADDWF      R1, 1
;__Lib_MathDouble.c,896 :: 		
0x0401	0x0876      	MOVF       R6, 0
;__Lib_MathDouble.c,897 :: 		
0x0402	0x1803      	BTFSC      STATUS, 0
;__Lib_MathDouble.c,898 :: 		
0x0403	0x0A76      	INCF       R6, 0
;__Lib_MathDouble.c,899 :: 		
0x0404	0x07F2      	ADDWF      R2, 1
;__Lib_MathDouble.c,900 :: 		
0x0405	0x107D      	BCF        R13, 0
;__Lib_MathDouble.c,901 :: 		
DOK32:
;__Lib_MathDouble.c,903 :: 		
0x0406	0x03FA      	DECF       R10, 1
;__Lib_MathDouble.c,904 :: 		
0x0407	0x301F      	MOVLW      31
;__Lib_MathDouble.c,905 :: 		
0x0408	0x057A      	ANDWF      R10, 0
;__Lib_MathDouble.c,906 :: 		
0x0409	0x1D03      	BTFSS      STATUS, 2
;__Lib_MathDouble.c,907 :: 		
0x040A	0x2BE4      	GOTO       DLOOP32
;__Lib_MathDouble.c,909 :: 		
0x040B	0x1B7B      	BTFSC      R11, 6
;__Lib_MathDouble.c,910 :: 		
0x040C	0x1C7D      	BTFSS      R13, 0
;__Lib_MathDouble.c,911 :: 		
0x040D	0x2C2D      	GOTO       DIV32OK
;__Lib_MathDouble.c,912 :: 		
0x040E	0x1003      	BCF        STATUS, 0
;__Lib_MathDouble.c,913 :: 		
0x040F	0x0DF0      	RLF        R0, 1
;__Lib_MathDouble.c,914 :: 		
0x0410	0x0DF1      	RLF        R1, 1
;__Lib_MathDouble.c,915 :: 		
0x0411	0x0DF2      	RLF        R2, 1
;__Lib_MathDouble.c,916 :: 		
0x0412	0x0DA0      	RLF        __math_tempbD, 1
;__Lib_MathDouble.c,918 :: 		
0x0413	0x0874      	MOVF       R4, 0
;__Lib_MathDouble.c,919 :: 		
0x0414	0x02F0      	SUBWF      R0, 1
;__Lib_MathDouble.c,920 :: 		
0x0415	0x0875      	MOVF       R5, 0
;__Lib_MathDouble.c,921 :: 		
0x0416	0x1C03      	BTFSS      STATUS, 0
;__Lib_MathDouble.c,922 :: 		
0x0417	0x0F75      	INCFSZ     R5, 0
;__Lib_MathDouble.c,923 :: 		
0x0418	0x02F1      	SUBWF      R1, 1
;__Lib_MathDouble.c,924 :: 		
0x0419	0x0876      	MOVF       R6, 0
;__Lib_MathDouble.c,925 :: 		
0x041A	0x1C03      	BTFSS      STATUS, 0
;__Lib_MathDouble.c,926 :: 		
0x041B	0x0F76      	INCFSZ     R6, 0
;__Lib_MathDouble.c,927 :: 		
0x041C	0x02F2      	SUBWF      R2, 1
;__Lib_MathDouble.c,928 :: 		
0x041D	0x0D76      	RLF        R6, 0
;__Lib_MathDouble.c,929 :: 		
0x041E	0x0420      	IORWF      __math_tempbD, 0
;__Lib_MathDouble.c,930 :: 		
0x041F	0x3901      	ANDLW      1
;__Lib_MathDouble.c,931 :: 		
0x0420	0x07FD      	ADDWF      R13, 1
;__Lib_MathDouble.c,932 :: 		
0x0421	0x1803      	BTFSC      STATUS, 0
;__Lib_MathDouble.c,933 :: 		
0x0422	0x0AFC      	INCF       R12, 1
;__Lib_MathDouble.c,934 :: 		
0x0423	0x1903      	BTFSC      STATUS, 2
;__Lib_MathDouble.c,935 :: 		
0x0424	0x0AF8      	INCF       R8, 1
;__Lib_MathDouble.c,936 :: 		
0x0425	0x1D03      	BTFSS      STATUS, 2
;__Lib_MathDouble.c,937 :: 		
0x0426	0x2C2D      	GOTO       DIV32OK
;__Lib_MathDouble.c,938 :: 		
0x0427	0x0CF8      	RRF        R8, 1
;__Lib_MathDouble.c,939 :: 		
0x0428	0x0CFC      	RRF        R12, 1
;__Lib_MathDouble.c,940 :: 		
0x0429	0x0CFD      	RRF        R13, 1
;__Lib_MathDouble.c,941 :: 		
0x042A	0x0AF3      	INCF       R3, 1
;__Lib_MathDouble.c,942 :: 		
0x042B	0x1903      	BTFSC      STATUS, 2
;__Lib_MathDouble.c,943 :: 		
0x042C	0x2C3D      	GOTO       JPDSETFOV32
;__Lib_MathDouble.c,944 :: 		
DIV32OK:
;__Lib_MathDouble.c,945 :: 		
0x042D	0x1FFA      	BTFSS      R10, 7
;__Lib_MathDouble.c,946 :: 		
0x042E	0x13F8      	BCF        R8, 7
;__Lib_MathDouble.c,947 :: 		
0x042F	0x0878      	MOVF       R8, 0
;__Lib_MathDouble.c,948 :: 		
0x0430	0x00F2      	MOVWF      R2
;__Lib_MathDouble.c,949 :: 		
0x0431	0x087C      	MOVF       R12, 0
;__Lib_MathDouble.c,950 :: 		
0x0432	0x00F1      	MOVWF      R1
;__Lib_MathDouble.c,951 :: 		
0x0433	0x087D      	MOVF       R13, 0
;__Lib_MathDouble.c,952 :: 		
0x0434	0x00F0      	MOVWF      R0
;__Lib_MathDouble.c,954 :: 		
0x0435	0x3000      	MOVLW      0
;__Lib_MathDouble.c,956 :: 		
0x0436	0x2C42      	GOTO       DIV32EEE
;__Lib_MathDouble.c,957 :: 		
JPDSETFDZ32:
;__Lib_MathDouble.c,958 :: 		
0x0437	0x3001      	MOVLW      1
;__Lib_MathDouble.c,961 :: 		
0x0438	0x218B      	CALL       _SETFDZ32
;__Lib_MathDouble.c,963 :: 		
0x0439	0x2C42      	GOTO       DIV32EEE
;__Lib_MathDouble.c,964 :: 		
JPDRES032:
;__Lib_MathDouble.c,965 :: 		
0x043A	0x3002      	MOVLW      2
;__Lib_MathDouble.c,968 :: 		
0x043B	0x20D3      	CALL       _RES032
;__Lib_MathDouble.c,970 :: 		
0x043C	0x2C42      	GOTO       DIV32EEE
;__Lib_MathDouble.c,971 :: 		
JPDSETFOV32:
;__Lib_MathDouble.c,972 :: 		
0x043D	0x3004      	MOVLW      4
;__Lib_MathDouble.c,975 :: 		
0x043E	0x20DA      	CALL       _SETFOV32
;__Lib_MathDouble.c,977 :: 		
0x043F	0x2C42      	GOTO       DIV32EEE
;__Lib_MathDouble.c,978 :: 		
JPDSETFUN32:
;__Lib_MathDouble.c,979 :: 		
0x0440	0x3008      	MOVLW      8
;__Lib_MathDouble.c,982 :: 		
0x0441	0x20C7      	CALL       _SETFUN32
;__Lib_MathDouble.c,984 :: 		
DIV32EEE:
;__Lib_MathDouble.c,985 :: 		
0x0442	0x0000      	NOP
;__Lib_MathDouble.c,994 :: 		
L_end_Div_32x32_FP:
0x0443	0x0008      	RETURN
; end of _Div_32x32_FP
_ATD_read:
;final_project.c,101 :: 		unsigned int ATD_read(void){
;final_project.c,102 :: 		ADCON0=ADCON0 | 0x04;  // GO
0x0444	0x1283      	BCF        STATUS, 5
0x0445	0x1303      	BCF        STATUS, 6
0x0446	0x151F      	BSF        ADCON0, 2
;final_project.c,103 :: 		while(ADCON0&0x04);    // wait until DONE
L_ATD_read7:
0x0447	0x1D1F      	BTFSS      ADCON0, 2
0x0448	0x2C4A      	GOTO       L_ATD_read8
0x0449	0x2C47      	GOTO       L_ATD_read7
L_ATD_read8:
;final_project.c,104 :: 		return (ADRESH<<8)|ADRESL;
0x044A	0x081E      	MOVF       ADRESH, 0
0x044B	0x00F1      	MOVWF      R0+1
0x044C	0x01F0      	CLRF       R0
0x044D	0x1683      	BSF        STATUS, 5
0x044E	0x081E      	MOVF       ADRESL, 0
0x044F	0x04F0      	IORWF      R0, 1
0x0450	0x3000      	MOVLW      0
0x0451	0x04F1      	IORWF      R0+1, 1
;final_project.c,105 :: 		}
L_end_ATD_read:
0x0452	0x0008      	RETURN
; end of _ATD_read
_Mul_16X16_U:
;__Lib_Math.c,136 :: 		
;__Lib_Math.c,143 :: 		
0x0453	0x1283      	BCF        STATUS, 5
;__Lib_Math.c,144 :: 		
0x0454	0x1303      	BCF        STATUS, 6
;__Lib_Math.c,145 :: 		
0x0455	0x01FB      	CLRF       R11
;__Lib_Math.c,146 :: 		
0x0456	0x01FA      	CLRF       R10
;__Lib_Math.c,147 :: 		
0x0457	0x01F9      	CLRF       R9
;__Lib_Math.c,148 :: 		
0x0458	0x3080      	MOVLW      128
;__Lib_Math.c,149 :: 		
0x0459	0x00F8      	MOVWF      R8
;__Lib_Math.c,150 :: 		
0x045A	0x0CF1      	RRF        R1, 1
;__Lib_Math.c,151 :: 		
0x045B	0x0CF0      	RRF        R0, 1
;__Lib_Math.c,152 :: 		
0x045C	0x1C03      	BTFSS      STATUS, 0
;__Lib_Math.c,153 :: 		
0x045D	0x2C67      	GOTO       $+10
;__Lib_Math.c,154 :: 		
0x045E	0x0874      	MOVF       R4, 0
;__Lib_Math.c,155 :: 		
0x045F	0x07F9      	ADDWF      R9, 1
;__Lib_Math.c,156 :: 		
0x0460	0x0875      	MOVF       R5, 0
;__Lib_Math.c,157 :: 		
0x0461	0x1803      	BTFSC      STATUS, 0
;__Lib_Math.c,158 :: 		
0x0462	0x0F75      	INCFSZ     R5, 0
;__Lib_Math.c,159 :: 		
0x0463	0x07FA      	ADDWF      R10, 1
;__Lib_Math.c,160 :: 		
0x0464	0x1803      	BTFSC      STATUS, 0
;__Lib_Math.c,161 :: 		
0x0465	0x0AFB      	INCF       R11, 1
;__Lib_Math.c,162 :: 		
0x0466	0x1003      	BCF        STATUS, 0
;__Lib_Math.c,163 :: 		
0x0467	0x1FF0      	BTFSS      R0, 7
;__Lib_Math.c,164 :: 		
0x0468	0x2C6F      	GOTO       $+7
;__Lib_Math.c,165 :: 		
0x0469	0x0874      	MOVF       R4, 0
;__Lib_Math.c,166 :: 		
0x046A	0x07FA      	ADDWF      R10, 1
;__Lib_Math.c,167 :: 		
0x046B	0x0875      	MOVF       R5, 0
;__Lib_Math.c,168 :: 		
0x046C	0x1803      	BTFSC      STATUS, 0
;__Lib_Math.c,169 :: 		
0x046D	0x0F75      	INCFSZ     R5, 0
;__Lib_Math.c,170 :: 		
0x046E	0x07FB      	ADDWF      R11, 1
;__Lib_Math.c,171 :: 		
0x046F	0x0CFB      	RRF        R11, 1
;__Lib_Math.c,172 :: 		
0x0470	0x0CFA      	RRF        R10, 1
;__Lib_Math.c,173 :: 		
0x0471	0x0CF9      	RRF        R9, 1
;__Lib_Math.c,174 :: 		
0x0472	0x0CF8      	RRF        R8, 1
;__Lib_Math.c,175 :: 		
0x0473	0x1C03      	BTFSS      STATUS, 0
;__Lib_Math.c,176 :: 		
0x0474	0x2C5A      	GOTO       $-26
;__Lib_Math.c,177 :: 		
0x0475	0x087B      	MOVF       R11, 0
;__Lib_Math.c,178 :: 		
0x0476	0x00F3      	MOVWF      R3
;__Lib_Math.c,179 :: 		
0x0477	0x087A      	MOVF       R10, 0
;__Lib_Math.c,180 :: 		
0x0478	0x00F2      	MOVWF      R2
;__Lib_Math.c,181 :: 		
0x0479	0x0879      	MOVF       R9, 0
;__Lib_Math.c,182 :: 		
0x047A	0x00F1      	MOVWF      R1
;__Lib_Math.c,183 :: 		
0x047B	0x0878      	MOVF       R8, 0
;__Lib_Math.c,184 :: 		
0x047C	0x00F0      	MOVWF      R0
;__Lib_Math.c,187 :: 		
L_end_Mul_16X16_U:
0x047D	0x0008      	RETURN
; end of _Mul_16X16_U
___CC2DW:
;__Lib_System.c,134 :: 		
;__Lib_System.c,137 :: 		
_CC2D_Loop1:
;__Lib_System.c,139 :: 		
0x047E	0x20EE      	CALL       _____DoICP
0x047F	0x118A      	BCF        PCLATH, 3
0x0480	0x120A      	BCF        PCLATH, 4
;__Lib_System.c,141 :: 		
0x0481	0x0080      	MOVWF      INDF
;__Lib_System.c,142 :: 		
0x0482	0x0A84      	INCF       FSR, 1
;__Lib_System.c,143 :: 		
0x0483	0x0AC4      	INCF       ___DoICPAddr, 1
;__Lib_System.c,145 :: 		
0x0484	0x1903      	BTFSC      STATUS, 2
;__Lib_System.c,146 :: 		
0x0485	0x0AC5      	INCF       ___DoICPAddr+1, 1
;__Lib_System.c,147 :: 		
0x0486	0x03F0      	DECF       R0, 1
;__Lib_System.c,149 :: 		
0x0487	0x1D03      	BTFSS      STATUS, 2
;__Lib_System.c,150 :: 		
0x0488	0x2C7E      	GOTO       _CC2D_Loop1
;__Lib_System.c,152 :: 		
L_end___CC2DW:
0x0489	0x0008      	RETURN
; end of ___CC2DW
_Lcd_Init:
;__Lib_Lcd.c,84 :: 		
;__Lib_Lcd.c,86 :: 		
0x048A	0x1683      	BSF        STATUS, 5
0x048B	0x1303      	BCF        STATUS, 6
0x048C	0x1286      	BCF        LCD_EN_Direction, BitPos(LCD_EN_Direction+0)
;__Lib_Lcd.c,87 :: 		
0x048D	0x1206      	BCF        LCD_RS_Direction, BitPos(LCD_RS_Direction+0)
;__Lib_Lcd.c,88 :: 		
0x048E	0x1006      	BCF        LCD_D4_Direction, BitPos(LCD_D4_Direction+0)
;__Lib_Lcd.c,89 :: 		
0x048F	0x1086      	BCF        LCD_D5_Direction, BitPos(LCD_D5_Direction+0)
;__Lib_Lcd.c,90 :: 		
0x0490	0x1106      	BCF        LCD_D6_Direction, BitPos(LCD_D6_Direction+0)
;__Lib_Lcd.c,91 :: 		
0x0491	0x1186      	BCF        LCD_D7_Direction, BitPos(LCD_D7_Direction+0)
;__Lib_Lcd.c,93 :: 		
0x0492	0x1283      	BCF        STATUS, 5
0x0493	0x1286      	BCF        LCD_EN, BitPos(LCD_EN+0)
;__Lib_Lcd.c,94 :: 		
0x0494	0x1206      	BCF        LCD_RS, BitPos(LCD_RS+0)
;__Lib_Lcd.c,95 :: 		
0x0495	0x1186      	BCF        LCD_D7, BitPos(LCD_D7+0)
;__Lib_Lcd.c,96 :: 		
0x0496	0x1106      	BCF        LCD_D6, BitPos(LCD_D6+0)
;__Lib_Lcd.c,97 :: 		
0x0497	0x1086      	BCF        LCD_D5, BitPos(LCD_D5+0)
;__Lib_Lcd.c,98 :: 		
0x0498	0x1006      	BCF        LCD_D4, BitPos(LCD_D4+0)
;__Lib_Lcd.c,100 :: 		
0x0499	0x2056      	CALL       _Delay_5500us
;__Lib_Lcd.c,101 :: 		
0x049A	0x2056      	CALL       _Delay_5500us
;__Lib_Lcd.c,102 :: 		
0x049B	0x2056      	CALL       _Delay_5500us
;__Lib_Lcd.c,105 :: 		
0x049C	0x1486      	BSF        LCD_D5, BitPos(LCD_D5+0)
;__Lib_Lcd.c,106 :: 		
0x049D	0x1406      	BSF        LCD_D4, BitPos(LCD_D4+0)
;__Lib_Lcd.c,107 :: 		
0x049E	0x1686      	BSF        LCD_EN, BitPos(LCD_EN+0)
;__Lib_Lcd.c,108 :: 		
0x049F	0x2063      	CALL       _Delay_1us
;__Lib_Lcd.c,109 :: 		
0x04A0	0x1286      	BCF        LCD_EN, BitPos(LCD_EN+0)
;__Lib_Lcd.c,110 :: 		
0x04A1	0x2056      	CALL       _Delay_5500us
;__Lib_Lcd.c,112 :: 		
0x04A2	0x1686      	BSF        LCD_EN, BitPos(LCD_EN+0)
;__Lib_Lcd.c,113 :: 		
0x04A3	0x2063      	CALL       _Delay_1us
;__Lib_Lcd.c,114 :: 		
0x04A4	0x1286      	BCF        LCD_EN, BitPos(LCD_EN+0)
;__Lib_Lcd.c,115 :: 		
0x04A5	0x2056      	CALL       _Delay_5500us
;__Lib_Lcd.c,117 :: 		
0x04A6	0x1686      	BSF        LCD_EN, BitPos(LCD_EN+0)
;__Lib_Lcd.c,118 :: 		
0x04A7	0x2063      	CALL       _Delay_1us
;__Lib_Lcd.c,119 :: 		
0x04A8	0x1286      	BCF        LCD_EN, BitPos(LCD_EN+0)
;__Lib_Lcd.c,120 :: 		
0x04A9	0x2056      	CALL       _Delay_5500us
;__Lib_Lcd.c,123 :: 		
0x04AA	0x1006      	BCF        LCD_D4, BitPos(LCD_D4+0)
;__Lib_Lcd.c,124 :: 		
0x04AB	0x1686      	BSF        LCD_EN, BitPos(LCD_EN+0)
;__Lib_Lcd.c,125 :: 		
0x04AC	0x2063      	CALL       _Delay_1us
;__Lib_Lcd.c,126 :: 		
0x04AD	0x1286      	BCF        LCD_EN, BitPos(LCD_EN+0)
;__Lib_Lcd.c,127 :: 		
0x04AE	0x2056      	CALL       _Delay_5500us
;__Lib_Lcd.c,130 :: 		
0x04AF	0x1686      	BSF        LCD_EN, BitPos(LCD_EN+0)
;__Lib_Lcd.c,131 :: 		
0x04B0	0x2063      	CALL       _Delay_1us
;__Lib_Lcd.c,132 :: 		
0x04B1	0x1286      	BCF        LCD_EN, BitPos(LCD_EN+0)
;__Lib_Lcd.c,134 :: 		
0x04B2	0x1086      	BCF        LCD_D5, BitPos(LCD_D5+0)
;__Lib_Lcd.c,135 :: 		
0x04B3	0x1586      	BSF        LCD_D7, BitPos(LCD_D7+0)
;__Lib_Lcd.c,136 :: 		
0x04B4	0x1686      	BSF        LCD_EN, BitPos(LCD_EN+0)
;__Lib_Lcd.c,137 :: 		
0x04B5	0x2063      	CALL       _Delay_1us
;__Lib_Lcd.c,138 :: 		
0x04B6	0x1286      	BCF        LCD_EN, BitPos(LCD_EN+0)
;__Lib_Lcd.c,139 :: 		
0x04B7	0x2056      	CALL       _Delay_5500us
;__Lib_Lcd.c,142 :: 		
0x04B8	0x1186      	BCF        LCD_D7, BitPos(LCD_D7+0)
;__Lib_Lcd.c,143 :: 		
0x04B9	0x1406      	BSF        LCD_D4, BitPos(LCD_D4+0)
;__Lib_Lcd.c,144 :: 		
0x04BA	0x1686      	BSF        LCD_EN, BitPos(LCD_EN+0)
;__Lib_Lcd.c,145 :: 		
0x04BB	0x2063      	CALL       _Delay_1us
;__Lib_Lcd.c,146 :: 		
0x04BC	0x1286      	BCF        LCD_EN, BitPos(LCD_EN+0)
;__Lib_Lcd.c,148 :: 		
0x04BD	0x1006      	BCF        LCD_D4, BitPos(LCD_D4+0)
;__Lib_Lcd.c,149 :: 		
0x04BE	0x1686      	BSF        LCD_EN, BitPos(LCD_EN+0)
;__Lib_Lcd.c,150 :: 		
0x04BF	0x2063      	CALL       _Delay_1us
;__Lib_Lcd.c,151 :: 		
0x04C0	0x1286      	BCF        LCD_EN, BitPos(LCD_EN+0)
;__Lib_Lcd.c,152 :: 		
0x04C1	0x2056      	CALL       _Delay_5500us
;__Lib_Lcd.c,155 :: 		
0x04C2	0x1686      	BSF        LCD_EN, BitPos(LCD_EN+0)
;__Lib_Lcd.c,156 :: 		
0x04C3	0x2063      	CALL       _Delay_1us
;__Lib_Lcd.c,157 :: 		
0x04C4	0x1286      	BCF        LCD_EN, BitPos(LCD_EN+0)
;__Lib_Lcd.c,159 :: 		
0x04C5	0x1406      	BSF        LCD_D4, BitPos(LCD_D4+0)
;__Lib_Lcd.c,160 :: 		
0x04C6	0x1686      	BSF        LCD_EN, BitPos(LCD_EN+0)
;__Lib_Lcd.c,161 :: 		
0x04C7	0x2063      	CALL       _Delay_1us
;__Lib_Lcd.c,162 :: 		
0x04C8	0x1286      	BCF        LCD_EN, BitPos(LCD_EN+0)
;__Lib_Lcd.c,163 :: 		
0x04C9	0x2056      	CALL       _Delay_5500us
;__Lib_Lcd.c,166 :: 		
0x04CA	0x1006      	BCF        LCD_D4, BitPos(LCD_D4+0)
;__Lib_Lcd.c,167 :: 		
0x04CB	0x1686      	BSF        LCD_EN, BitPos(LCD_EN+0)
;__Lib_Lcd.c,168 :: 		
0x04CC	0x2063      	CALL       _Delay_1us
;__Lib_Lcd.c,169 :: 		
0x04CD	0x1286      	BCF        LCD_EN, BitPos(LCD_EN+0)
;__Lib_Lcd.c,171 :: 		
0x04CE	0x1586      	BSF        LCD_D7, BitPos(LCD_D7+0)
;__Lib_Lcd.c,172 :: 		
0x04CF	0x1506      	BSF        LCD_D6, BitPos(LCD_D6+0)
;__Lib_Lcd.c,173 :: 		
0x04D0	0x1486      	BSF        LCD_D5, BitPos(LCD_D5+0)
;__Lib_Lcd.c,174 :: 		
0x04D1	0x1406      	BSF        LCD_D4, BitPos(LCD_D4+0)
;__Lib_Lcd.c,175 :: 		
0x04D2	0x1686      	BSF        LCD_EN, BitPos(LCD_EN+0)
;__Lib_Lcd.c,176 :: 		
0x04D3	0x2063      	CALL       _Delay_1us
;__Lib_Lcd.c,177 :: 		
0x04D4	0x1286      	BCF        LCD_EN, BitPos(LCD_EN+0)
;__Lib_Lcd.c,179 :: 		
0x04D5	0x2056      	CALL       _Delay_5500us
;__Lib_Lcd.c,181 :: 		
0x04D6	0x1446      	BSF        __Lib_Lcd_cmd_status, BitPos(__Lib_Lcd_cmd_status+0)
;__Lib_Lcd.c,182 :: 		
L_end_Lcd_Init:
0x04D7	0x0008      	RETURN
; end of _Lcd_Init
_ATD_init:
;final_project.c,96 :: 		void ATD_init(void){
;final_project.c,97 :: 		ADCON0=0x41;           // ON, Channel 0, Fosc/16== 500KHz, Dont Go
0x04D8	0x3041      	MOVLW      65
0x04D9	0x1283      	BCF        STATUS, 5
0x04DA	0x1303      	BCF        STATUS, 6
0x04DB	0x009F      	MOVWF      ADCON0
;final_project.c,98 :: 		ADCON1=0xCE;           // RA0 Analog, others are Digital, Right Allignment,
0x04DC	0x30CE      	MOVLW      206
0x04DD	0x1683      	BSF        STATUS, 5
0x04DE	0x009F      	MOVWF      ADCON1
;final_project.c,99 :: 		TRISA=0x01;
0x04DF	0x3001      	MOVLW      1
0x04E0	0x0085      	MOVWF      TRISA
;final_project.c,100 :: 		}
L_end_ATD_init:
0x04E1	0x0008      	RETURN
; end of _ATD_init
_main:
0x04E2	0x303F      	MOVLW      63
0x04E3	0x1283      	BCF        STATUS, 5
0x04E4	0x1303      	BCF        STATUS, 6
0x04E5	0x00A6      	MOVWF      _mysevenseg
0x04E6	0x3006      	MOVLW      6
0x04E7	0x00A7      	MOVWF      39
0x04E8	0x305B      	MOVLW      91
0x04E9	0x00A8      	MOVWF      40
0x04EA	0x304F      	MOVLW      79
0x04EB	0x00A9      	MOVWF      41
0x04EC	0x3066      	MOVLW      102
0x04ED	0x00AA      	MOVWF      42
0x04EE	0x306D      	MOVLW      109
0x04EF	0x00AB      	MOVWF      43
0x04F0	0x307D      	MOVLW      125
0x04F1	0x00AC      	MOVWF      44
0x04F2	0x3007      	MOVLW      7
0x04F3	0x00AD      	MOVWF      45
0x04F4	0x307F      	MOVLW      127
0x04F5	0x00AE      	MOVWF      46
0x04F6	0x306F      	MOVLW      111
0x04F7	0x00AF      	MOVWF      47
0x04F8	0x3061      	MOVLW      97
0x04F9	0x00B0      	MOVWF      ?lstr1_final_project
0x04FA	0x306E      	MOVLW      110
0x04FB	0x00B1      	MOVWF      49
0x04FC	0x3067      	MOVLW      103
0x04FD	0x00B2      	MOVWF      50
0x04FE	0x306C      	MOVLW      108
0x04FF	0x00B3      	MOVWF      51
0x0500	0x3065      	MOVLW      101
0x0501	0x00B4      	MOVWF      52
0x0502	0x303A      	MOVLW      58
0x0503	0x00B5      	MOVWF      53
0x0504	0x3020      	MOVLW      32
0x0505	0x00B6      	MOVWF      54
0x0506	0x01B7      	CLRF       55
;final_project.c,53 :: 		void main() {
;final_project.c,54 :: 		TRISC = 0x00;           // PWM output at CCP1(RC2)
0x0507	0x1683      	BSF        STATUS, 5
0x0508	0x0187      	CLRF       TRISC
;final_project.c,55 :: 		PORTC = 0x00;
0x0509	0x1283      	BCF        STATUS, 5
0x050A	0x0187      	CLRF       PORTC
;final_project.c,56 :: 		TRISD = 0x00;           // for 7 seg display
0x050B	0x1683      	BSF        STATUS, 5
0x050C	0x0188      	CLRF       TRISD
;final_project.c,57 :: 		PORTD = 0x00;
0x050D	0x1283      	BCF        STATUS, 5
0x050E	0x0188      	CLRF       PORTD
;final_project.c,58 :: 		ATD_init();
0x050F	0x24D8      	CALL       _ATD_init
;final_project.c,59 :: 		PORTA = 0x08;          // Enable 4th seven segment display
0x0510	0x3008      	MOVLW      8
0x0511	0x1283      	BCF        STATUS, 5
0x0512	0x0085      	MOVWF      PORTA
;final_project.c,60 :: 		TMR1H = 0;
0x0513	0x018F      	CLRF       TMR1H
;final_project.c,61 :: 		TMR1L = 0;
0x0514	0x018E      	CLRF       TMR1L
;final_project.c,63 :: 		HL = 1;                // start high
0x0515	0x3001      	MOVLW      1
0x0516	0x00C7      	MOVWF      _HL
;final_project.c,64 :: 		CCP1CON = 0x08;        // Compare mode, set output on match
0x0517	0x3008      	MOVLW      8
0x0518	0x0097      	MOVWF      CCP1CON
;final_project.c,66 :: 		T1CON = 0x01;          // TMR1 On Fosc/4 (inc 0.5uS) with 0 prescaler (TMR1 overflow after 0xFFFF counts == 65535)==> 32.767ms
0x0519	0x3001      	MOVLW      1
0x051A	0x0090      	MOVWF      T1CON
;final_project.c,68 :: 		INTCON = 0xC0;         // Enable GIE and peripheral interrupts
0x051B	0x30C0      	MOVLW      192
0x051C	0x008B      	MOVWF      INTCON
;final_project.c,69 :: 		PIE1 = PIE1|0x04;      // Enable CCP1 interrupts
0x051D	0x1683      	BSF        STATUS, 5
0x051E	0x150C      	BSF        PIE1, 2
;final_project.c,70 :: 		CCPR1H = 2000>>8;      // Value preset in a program to compare the TMR1H value to            - 1ms
0x051F	0x3007      	MOVLW      7
0x0520	0x1283      	BCF        STATUS, 5
0x0521	0x0096      	MOVWF      CCPR1H
;final_project.c,71 :: 		CCPR1L = 2000;         // Value preset in a program to compare the TMR1L value to
0x0522	0x30D0      	MOVLW      208
0x0523	0x0095      	MOVWF      CCPR1L
;final_project.c,73 :: 		Lcd_Init();               // Initialize LCD
0x0524	0x248A      	CALL       _Lcd_Init
;final_project.c,74 :: 		Lcd_Cmd(_LCD_CLEAR);      // Clear display
0x0525	0x3001      	MOVLW      1
0x0526	0x00DA      	MOVWF      FARG_Lcd_Cmd_out_char
0x0527	0x206A      	CALL       _Lcd_Cmd
;final_project.c,75 :: 		Lcd_Cmd(_LCD_CURSOR_OFF);
0x0528	0x300C      	MOVLW      12
0x0529	0x00DA      	MOVWF      FARG_Lcd_Cmd_out_char
0x052A	0x206A      	CALL       _Lcd_Cmd
;final_project.c,78 :: 		while(1){
L_main3:
;final_project.c,79 :: 		k = ATD_read();  // 0-1023
0x052B	0x2444      	CALL       _ATD_read
0x052C	0x0870      	MOVF       R0, 0
0x052D	0x1283      	BCF        STATUS, 5
0x052E	0x00CA      	MOVWF      FLOC__main
0x052F	0x0871      	MOVF       R0+1, 0
0x0530	0x00CB      	MOVWF      FLOC__main+1
0x0531	0x084A      	MOVF       FLOC__main, 0
0x0532	0x00B8      	MOVWF      _k
0x0533	0x084B      	MOVF       FLOC__main+1, 0
0x0534	0x00B9      	MOVWF      _k+1
;final_project.c,80 :: 		myscaledVoltage = ((k*5)/1023); // 0-5
0x0535	0x084A      	MOVF       FLOC__main, 0
0x0536	0x00F0      	MOVWF      R0
0x0537	0x084B      	MOVF       FLOC__main+1, 0
0x0538	0x00F1      	MOVWF      R0+1
0x0539	0x3005      	MOVLW      5
0x053A	0x00F4      	MOVWF      R4
0x053B	0x3000      	MOVLW      0
0x053C	0x00F5      	MOVWF      R4+1
0x053D	0x2453      	CALL       _Mul_16X16_U
0x053E	0x30FF      	MOVLW      255
0x053F	0x00F4      	MOVWF      R4
0x0540	0x3003      	MOVLW      3
0x0541	0x00F5      	MOVWF      R4+1
0x0542	0x20AA      	CALL       _Div_16X16_U
0x0543	0x0870      	MOVF       R0, 0
0x0544	0x00C1      	MOVWF      _myscaledVoltage
;final_project.c,81 :: 		PORTD = mysevenseg[myscaledVoltage];
0x0545	0x0870      	MOVF       R0, 0
0x0546	0x3E26      	ADDLW      _mysevenseg
0x0547	0x0084      	MOVWF      FSR
0x0548	0x0800      	MOVF       INDF, 0
0x0549	0x0088      	MOVWF      PORTD
;final_project.c,83 :: 		k = k>>2;  // divided by 4 ==> 0-255
0x054A	0x084A      	MOVF       FLOC__main, 0
0x054B	0x00F0      	MOVWF      R0
0x054C	0x084B      	MOVF       FLOC__main+1, 0
0x054D	0x00F1      	MOVWF      R0+1
0x054E	0x0CF1      	RRF        R0+1, 1
0x054F	0x0CF0      	RRF        R0, 1
0x0550	0x13F1      	BCF        R0+1, 7
0x0551	0x0CF1      	RRF        R0+1, 1
0x0552	0x0CF0      	RRF        R0, 1
0x0553	0x13F1      	BCF        R0+1, 7
0x0554	0x0870      	MOVF       R0, 0
0x0555	0x00B8      	MOVWF      _k
0x0556	0x0871      	MOVF       R0+1, 0
0x0557	0x00B9      	MOVWF      _k+1
;final_project.c,85 :: 		angle = 1000 + ((k*25)/2.55);     //angle= 1000 + ((k*2500)/255); 1000count=500uS to 3500count =1750us
0x0558	0x3019      	MOVLW      25
0x0559	0x00F4      	MOVWF      R4
0x055A	0x3000      	MOVLW      0
0x055B	0x00F5      	MOVWF      R4+1
0x055C	0x2453      	CALL       _Mul_16X16_U
0x055D	0x22CD      	CALL       _word2double
0x055E	0x3033      	MOVLW      51
0x055F	0x00F4      	MOVWF      R4
0x0560	0x3033      	MOVLW      51
0x0561	0x00F5      	MOVWF      R4+1
0x0562	0x3023      	MOVLW      35
0x0563	0x00F6      	MOVWF      R4+2
0x0564	0x3080      	MOVLW      128
0x0565	0x00F7      	MOVWF      R4+3
0x0566	0x238D      	CALL       _Div_32x32_FP
0x0567	0x3000      	MOVLW      0
0x0568	0x00F4      	MOVWF      R4
0x0569	0x3000      	MOVLW      0
0x056A	0x00F5      	MOVWF      R4+1
0x056B	0x307A      	MOVLW      122
0x056C	0x00F6      	MOVWF      R4+2
0x056D	0x3088      	MOVLW      136
0x056E	0x00F7      	MOVWF      R4+3
0x056F	0x21CE      	CALL       _Add_32x32_FP
0x0570	0x226E      	CALL       _double2word
0x0571	0x0870      	MOVF       R0, 0
0x0572	0x00C2      	MOVWF      _angle
0x0573	0x0871      	MOVF       R0+1, 0
0x0574	0x00C3      	MOVWF      _angle+1
;final_project.c,86 :: 		if(angle>3500) angle = 3500;      // 1.75ms
0x0575	0x0871      	MOVF       R0+1, 0
0x0576	0x3C0D      	SUBLW      13
0x0577	0x1D03      	BTFSS      STATUS, 2
0x0578	0x2D7B      	GOTO       L__main12
0x0579	0x0870      	MOVF       R0, 0
0x057A	0x3CAC      	SUBLW      172
L__main12:
0x057B	0x1803      	BTFSC      STATUS, 0
0x057C	0x2D81      	GOTO       L_main5
0x057D	0x30AC      	MOVLW      172
0x057E	0x00C2      	MOVWF      _angle
0x057F	0x300D      	MOVLW      13
0x0580	0x00C3      	MOVWF      _angle+1
L_main5:
;final_project.c,87 :: 		if(angle<1000) angle = 1000;      // 0.5ms
0x0581	0x3003      	MOVLW      3
0x0582	0x0243      	SUBWF      _angle+1, 0
0x0583	0x1D03      	BTFSS      STATUS, 2
0x0584	0x2D87      	GOTO       L__main13
0x0585	0x30E8      	MOVLW      232
0x0586	0x0242      	SUBWF      _angle, 0
L__main13:
0x0587	0x1803      	BTFSC      STATUS, 0
0x0588	0x2D8D      	GOTO       L_main6
0x0589	0x30E8      	MOVLW      232
0x058A	0x00C2      	MOVWF      _angle
0x058B	0x3003      	MOVLW      3
0x058C	0x00C3      	MOVWF      _angle+1
L_main6:
;final_project.c,88 :: 		IntToStr(angle, print_angle);
0x058D	0x0842      	MOVF       _angle, 0
0x058E	0x00CC      	MOVWF      FARG_IntToStr_input
0x058F	0x0843      	MOVF       _angle+1, 0
0x0590	0x00CD      	MOVWF      FARG_IntToStr_input+1
0x0591	0x303A      	MOVLW      _print_angle
0x0592	0x00CE      	MOVWF      FARG_IntToStr_output
0x0593	0x22E3      	CALL       _IntToStr
;final_project.c,89 :: 		Lcd_Out(1,1,"angle: ");
0x0594	0x3001      	MOVLW      1
0x0595	0x00CC      	MOVWF      FARG_Lcd_Out_row
0x0596	0x3001      	MOVLW      1
0x0597	0x00CD      	MOVWF      FARG_Lcd_Out_column
0x0598	0x3030      	MOVLW      ?lstr1_final_project
0x0599	0x00CE      	MOVWF      FARG_Lcd_Out_text
0x059A	0x234D      	CALL       _Lcd_Out
;final_project.c,90 :: 		Lcd_Out(1, 8, print_angle);
0x059B	0x3001      	MOVLW      1
0x059C	0x00CC      	MOVWF      FARG_Lcd_Out_row
0x059D	0x3008      	MOVLW      8
0x059E	0x00CD      	MOVWF      FARG_Lcd_Out_column
0x059F	0x303A      	MOVLW      _print_angle
0x05A0	0x00CE      	MOVWF      FARG_Lcd_Out_text
0x05A1	0x234D      	CALL       _Lcd_Out
;final_project.c,91 :: 		}
0x05A2	0x2D2B      	GOTO       L_main3
;final_project.c,93 :: 		}
L_end_main:
0x05A3	0x2DA3      	GOTO       $+0
; end of _main
Symbol List:
//** Routines locations **
//ADDRESS    SIZE    PROCEDURE
//----------------------------------------------
0x0004      [75]    _interrupt
0x004F       [7]    _Delay_50us
0x0056      [13]    _Delay_5500us
0x0063       [3]    _Delay_1us
0x0066       [4]    _FIXSIGN32
0x006A      [64]    _Lcd_Cmd
0x00AA      [29]    _Div_16X16_U
0x00C7      [12]    _SETFUN32
0x00D3       [7]    _RES032
0x00DA      [12]    _SETFOV32
0x00E6       [8]    _Lcd_Chr_CP
0x00EE       [7]    _____DoICP
0x00F5      [47]    _NRM3232
0x0124      [13]    _SETIOV3224
0x0131      [90]    _NRM4032
0x018B       [3]    _SETFDZ32
0x018E      [64]    _WordToStr
0x01CE     [160]    _Add_32x32_FP
0x026E      [95]    _double2word
0x02CD      [22]    _word2double
0x02E3     [106]    _IntToStr
0x034D      [64]    _Lcd_Out
0x038D     [183]    _Div_32x32_FP
0x0444      [15]    _ATD_read
0x0453      [43]    _Mul_16X16_U
0x047E      [12]    ___CC2DW
0x048A      [78]    _Lcd_Init
0x04D8      [10]    _ATD_init
0x04E2     [194]    _main
//** Variables locations ** 
//ADDRESS    SIZE    VARIABLE
//----------------------------------------------
0x0000       [1]    INDF
0x0002       [1]    PCL
0x0003       [1]    STATUS
0x0004       [1]    FSR
0x0005       [1]    PORTA
0x0006       [0]    RB4_bit
0x0006       [0]    RB5_bit
0x0006       [0]    RB0_bit
0x0006       [0]    RB1_bit
0x0006       [0]    RB2_bit
0x0006       [0]    RB3_bit
0x0006       [0]    LCD_D4
0x0006       [0]    LCD_EN
0x0006       [0]    LCD_RS
0x0006       [0]    LCD_D5
0x0006       [0]    LCD_D7
0x0006       [0]    LCD_D6
0x0007       [1]    PORTC
0x0008       [1]    PORTD
0x000A       [1]    PCLATH
0x000B       [1]    INTCON
0x000C       [1]    PIR1
0x000E       [1]    TMR1L
0x000F       [1]    TMR1H
0x0010       [1]    T1CON
0x0015       [1]    CCPR1L
0x0016       [1]    CCPR1H
0x0017       [1]    CCP1CON
0x001E       [1]    ADRESH
0x001F       [1]    ADCON0
0x0020       [1]    __math_tempbD
0x0026      [10]    _mysevenseg
0x0030       [8]    ?lstr1_final_project
0x0038       [2]    _k
0x003A       [7]    _print_angle
0x0041       [1]    _myscaledVoltage
0x0042       [2]    _angle
0x0044       [2]    ___DoICPAddr
0x0046       [0]    __Lib_Lcd_cmd_status
0x0047       [1]    _HL
0x0048       [1]    ___saveSTATUS
0x0049       [1]    ___savePCLATH
0x004A       [2]    FLOC__main
0x004C       [2]    FARG_IntToStr_input
0x004C       [1]    FARG_Lcd_Out_row
0x004D       [1]    FARG_Lcd_Out_column
0x004E       [1]    FARG_Lcd_Out_text
0x004E       [1]    FARG_IntToStr_output
0x004F       [2]    IntToStr_i_L0
0x004F       [1]    Lcd_Out_i_L0
0x0051       [2]    IntToStr_negative_L0
0x0053       [2]    IntToStr_inword_L0
0x0055       [2]    FARG_WordToStr_input
0x0055       [1]    FARG_Lcd_Chr_CP_out_char
0x0057       [1]    FARG_WordToStr_output
0x0058       [1]    WordToStr_len_L0
0x0059       [1]    FLOC__WordToStr
0x005A       [1]    FARG_Lcd_Cmd_out_char
0x0070       [1]    R0
0x0071       [1]    R1
0x0072       [1]    R2
0x0073       [1]    R3
0x0074       [1]    R4
0x0075       [1]    R5
0x0076       [1]    R6
0x0077       [1]    R7
0x0078       [1]    R8
0x0079       [1]    R9
0x007A       [1]    R10
0x007B       [1]    R11
0x007C       [1]    R12
0x007D       [1]    R13
0x007E       [1]    R14
0x007F       [1]    R15
0x0085       [1]    TRISA
0x0086       [0]    LCD_D6_Direction
0x0086       [0]    TRISB3_bit
0x0086       [0]    TRISB1_bit
0x0086       [0]    TRISB2_bit
0x0086       [0]    LCD_RS_Direction
0x0086       [0]    LCD_D5_Direction
0x0086       [0]    LCD_EN_Direction
0x0086       [0]    LCD_D4_Direction
0x0086       [0]    TRISB4_bit
0x0086       [0]    TRISB5_bit
0x0086       [0]    LCD_D7_Direction
0x0086       [0]    TRISB0_bit
0x0087       [1]    TRISC
0x0088       [1]    TRISD
0x008C       [1]    PIE1
0x009E       [1]    ADRESL
0x009F       [1]    ADCON1
